\BOOKMARK [0][-]{chapter.1}{\376\377\0001\000\040\000H\000i\000e\000r\000a\000r\000c\000h\000i\000c\000a\000l\000\040\000I\000n\000d\000e\000x}{}% 1
\BOOKMARK [1][-]{section.1.1}{\376\377\0001\000.\0001\000\040\000C\000l\000a\000s\000s\000\040\000H\000i\000e\000r\000a\000r\000c\000h\000y}{chapter.1}% 2
\BOOKMARK [0][-]{chapter.2}{\376\377\0002\000\040\000C\000l\000a\000s\000s\000\040\000I\000n\000d\000e\000x}{}% 3
\BOOKMARK [1][-]{section.2.1}{\376\377\0002\000.\0001\000\040\000C\000l\000a\000s\000s\000\040\000L\000i\000s\000t}{chapter.2}% 4
\BOOKMARK [0][-]{chapter.3}{\376\377\0003\000\040\000C\000l\000a\000s\000s\000\040\000D\000o\000c\000u\000m\000e\000n\000t\000a\000t\000i\000o\000n}{}% 5
\BOOKMARK [1][-]{section.3.1}{\376\377\0003\000.\0001\000\040\000a\000t\000h\000e\000n\000a\000:\000:\000b\000a\000c\000k\000e\000n\000d\000:\000:\000A\000b\000s\000t\000r\000a\000c\000t\000D\000e\000v\000i\000c\000e\000\040\000C\000l\000a\000s\000s\000\040\000R\000e\000f\000e\000r\000e\000n\000c\000e}{chapter.3}% 6
\BOOKMARK [2][-]{subsection.3.1.1}{\376\377\0003\000.\0001\000.\0001\000\040\000D\000e\000t\000a\000i\000l\000e\000d\000\040\000D\000e\000s\000c\000r\000i\000p\000t\000i\000o\000n}{section.3.1}% 7
\BOOKMARK [1][-]{section.3.2}{\376\377\0003\000.\0002\000\040\000a\000t\000h\000e\000n\000a\000:\000:\000b\000a\000c\000k\000e\000n\000d\000:\000:\000A\000b\000s\000t\000r\000a\000c\000t\000E\000x\000e\000c\000u\000t\000o\000r\000\040\000C\000l\000a\000s\000s\000\040\000R\000e\000f\000e\000r\000e\000n\000c\000e}{chapter.3}% 8
\BOOKMARK [2][-]{subsection.3.2.1}{\376\377\0003\000.\0002\000.\0001\000\040\000D\000e\000t\000a\000i\000l\000e\000d\000\040\000D\000e\000s\000c\000r\000i\000p\000t\000i\000o\000n}{section.3.2}% 9
\BOOKMARK [2][-]{subsection.3.2.2}{\376\377\0003\000.\0002\000.\0002\000\040\000M\000e\000m\000b\000e\000r\000\040\000F\000u\000n\000c\000t\000i\000o\000n\000\040\000D\000o\000c\000u\000m\000e\000n\000t\000a\000t\000i\000o\000n}{section.3.2}% 10
\BOOKMARK [3][-]{subsubsection.3.2.2.1}{\376\377\0003\000.\0002\000.\0002\000.\0001\000\040\000e\000x\000e\000c\000u\000t\000e\000\050\000\051}{subsection.3.2.2}% 11
\BOOKMARK [3][-]{subsubsection.3.2.2.2}{\376\377\0003\000.\0002\000.\0002\000.\0002\000\040\000g\000e\000t\000M\000e\000m\000o\000r\000y\000M\000a\000n\000a\000g\000e\000r\000\050\000\051}{subsection.3.2.2}% 12
\BOOKMARK [3][-]{subsubsection.3.2.2.3}{\376\377\0003\000.\0002\000.\0002\000.\0003\000\040\000s\000e\000t\000B\000y\000t\000e\000c\000o\000d\000e\000\050\000\051}{subsection.3.2.2}% 13
\BOOKMARK [1][-]{section.3.3}{\376\377\0003\000.\0003\000\040\000a\000t\000h\000e\000n\000a\000:\000:\000c\000o\000r\000e\000:\000:\000i\000n\000i\000t\000i\000a\000l\000i\000z\000e\000r\000s\000:\000:\000A\000b\000s\000t\000r\000a\000c\000t\000I\000n\000i\000t\000i\000a\000l\000i\000z\000e\000r\000\040\000C\000l\000a\000s\000s\000\040\000R\000e\000f\000e\000r\000e\000n\000c\000e}{chapter.3}% 14
\BOOKMARK [2][-]{subsection.3.3.1}{\376\377\0003\000.\0003\000.\0001\000\040\000D\000e\000t\000a\000i\000l\000e\000d\000\040\000D\000e\000s\000c\000r\000i\000p\000t\000i\000o\000n}{section.3.3}% 15
\BOOKMARK [2][-]{subsection.3.3.2}{\376\377\0003\000.\0003\000.\0002\000\040\000M\000e\000m\000b\000e\000r\000\040\000F\000u\000n\000c\000t\000i\000o\000n\000\040\000D\000o\000c\000u\000m\000e\000n\000t\000a\000t\000i\000o\000n}{section.3.3}% 16
\BOOKMARK [3][-]{subsubsection.3.3.2.1}{\376\377\0003\000.\0003\000.\0002\000.\0001\000\040\000i\000n\000i\000t\000i\000a\000l\000i\000z\000e\000\050\000\051}{subsection.3.3.2}% 17
\BOOKMARK [1][-]{section.3.4}{\376\377\0003\000.\0004\000\040\000a\000t\000h\000e\000n\000a\000:\000:\000c\000o\000r\000e\000:\000:\000l\000o\000s\000s\000:\000:\000A\000b\000s\000t\000r\000a\000c\000t\000L\000o\000s\000s\000F\000u\000n\000c\000t\000i\000o\000n\000\040\000C\000l\000a\000s\000s\000\040\000R\000e\000f\000e\000r\000e\000n\000c\000e}{chapter.3}% 18
\BOOKMARK [2][-]{subsection.3.4.1}{\376\377\0003\000.\0004\000.\0001\000\040\000D\000e\000t\000a\000i\000l\000e\000d\000\040\000D\000e\000s\000c\000r\000i\000p\000t\000i\000o\000n}{section.3.4}% 19
\BOOKMARK [1][-]{section.3.5}{\376\377\0003\000.\0005\000\040\000a\000t\000h\000e\000n\000a\000:\000:\000b\000a\000c\000k\000e\000n\000d\000:\000:\000A\000b\000s\000t\000r\000a\000c\000t\000M\000e\000m\000o\000r\000y\000M\000a\000n\000a\000g\000e\000r\000\040\000C\000l\000a\000s\000s\000\040\000R\000e\000f\000e\000r\000e\000n\000c\000e}{chapter.3}% 20
\BOOKMARK [2][-]{subsection.3.5.1}{\376\377\0003\000.\0005\000.\0001\000\040\000D\000e\000t\000a\000i\000l\000e\000d\000\040\000D\000e\000s\000c\000r\000i\000p\000t\000i\000o\000n}{section.3.5}% 21
\BOOKMARK [2][-]{subsection.3.5.2}{\376\377\0003\000.\0005\000.\0002\000\040\000M\000e\000m\000b\000e\000r\000\040\000F\000u\000n\000c\000t\000i\000o\000n\000\040\000D\000o\000c\000u\000m\000e\000n\000t\000a\000t\000i\000o\000n}{section.3.5}% 22
\BOOKMARK [3][-]{subsubsection.3.5.2.1}{\376\377\0003\000.\0005\000.\0002\000.\0001\000\040\000a\000d\000d\000T\000e\000n\000s\000o\000r\000\050\000\051}{subsection.3.5.2}% 23
\BOOKMARK [3][-]{subsubsection.3.5.2.2}{\376\377\0003\000.\0005\000.\0002\000.\0002\000\040\000a\000l\000l\000o\000c\000a\000t\000e\000A\000n\000d\000L\000o\000c\000k\000\050\000\051\000\040\000[\0001\000/\0003\000]}{subsection.3.5.2}% 24
\BOOKMARK [3][-]{subsubsection.3.5.2.3}{\376\377\0003\000.\0005\000.\0002\000.\0003\000\040\000a\000l\000l\000o\000c\000a\000t\000e\000A\000n\000d\000L\000o\000c\000k\000\050\000\051\000\040\000[\0002\000/\0003\000]}{subsection.3.5.2}% 25
\BOOKMARK [3][-]{subsubsection.3.5.2.4}{\376\377\0003\000.\0005\000.\0002\000.\0004\000\040\000a\000l\000l\000o\000c\000a\000t\000e\000A\000n\000d\000L\000o\000c\000k\000\050\000\051\000\040\000[\0003\000/\0003\000]}{subsection.3.5.2}% 26
\BOOKMARK [3][-]{subsubsection.3.5.2.5}{\376\377\0003\000.\0005\000.\0002\000.\0005\000\040\000d\000e\000l\000e\000t\000e\000F\000r\000o\000m\000M\000e\000m\000\050\000\051}{subsection.3.5.2}% 27
\BOOKMARK [3][-]{subsubsection.3.5.2.6}{\376\377\0003\000.\0005\000.\0002\000.\0006\000\040\000g\000e\000t\000P\000h\000y\000s\000i\000c\000a\000l\000A\000d\000d\000r\000e\000s\000s\000\050\000\051}{subsection.3.5.2}% 28
\BOOKMARK [3][-]{subsubsection.3.5.2.7}{\376\377\0003\000.\0005\000.\0002\000.\0007\000\040\000l\000o\000a\000d\000A\000n\000d\000L\000o\000c\000k\000\050\000\051\000\040\000[\0001\000/\0003\000]}{subsection.3.5.2}% 29
\BOOKMARK [3][-]{subsubsection.3.5.2.8}{\376\377\0003\000.\0005\000.\0002\000.\0008\000\040\000l\000o\000a\000d\000A\000n\000d\000L\000o\000c\000k\000\050\000\051\000\040\000[\0002\000/\0003\000]}{subsection.3.5.2}% 30
\BOOKMARK [3][-]{subsubsection.3.5.2.9}{\376\377\0003\000.\0005\000.\0002\000.\0009\000\040\000l\000o\000a\000d\000A\000n\000d\000L\000o\000c\000k\000\050\000\051\000\040\000[\0003\000/\0003\000]}{subsection.3.5.2}% 31
\BOOKMARK [3][-]{subsubsection.3.5.2.10}{\376\377\0003\000.\0005\000.\0002\000.\0001\0000\000\040\000r\000e\000s\000e\000t\000T\000a\000b\000l\000e\000\050\000\051}{subsection.3.5.2}% 32
\BOOKMARK [3][-]{subsubsection.3.5.2.11}{\376\377\0003\000.\0005\000.\0002\000.\0001\0001\000\040\000s\000e\000t\000D\000a\000t\000a\000\050\000\051}{subsection.3.5.2}% 33
\BOOKMARK [3][-]{subsubsection.3.5.2.12}{\376\377\0003\000.\0005\000.\0002\000.\0001\0002\000\040\000u\000n\000l\000o\000c\000k\000\050\000\051}{subsection.3.5.2}% 34
\BOOKMARK [1][-]{section.3.6}{\376\377\0003\000.\0006\000\040\000a\000t\000h\000e\000n\000a\000:\000:\000c\000o\000r\000e\000:\000:\000o\000p\000t\000i\000m\000i\000z\000e\000r\000s\000:\000:\000A\000b\000s\000t\000r\000a\000c\000t\000O\000p\000t\000i\000m\000i\000z\000e\000r\000\040\000C\000l\000a\000s\000s\000\040\000R\000e\000f\000e\000r\000e\000n\000c\000e}{chapter.3}% 35
\BOOKMARK [2][-]{subsection.3.6.1}{\376\377\0003\000.\0006\000.\0001\000\040\000D\000e\000t\000a\000i\000l\000e\000d\000\040\000D\000e\000s\000c\000r\000i\000p\000t\000i\000o\000n}{section.3.6}% 36
\BOOKMARK [1][-]{section.3.7}{\376\377\0003\000.\0007\000\040\000a\000t\000h\000e\000n\000a\000:\000:\000c\000o\000r\000e\000:\000:\000k\000e\000r\000n\000e\000l\000s\000:\000:\000A\000d\000d\000O\000p\000K\000e\000r\000n\000e\000l\000\040\000C\000l\000a\000s\000s\000\040\000R\000e\000f\000e\000r\000e\000n\000c\000e}{chapter.3}% 37
\BOOKMARK [2][-]{subsection.3.7.1}{\376\377\0003\000.\0007\000.\0001\000\040\000D\000e\000t\000a\000i\000l\000e\000d\000\040\000D\000e\000s\000c\000r\000i\000p\000t\000i\000o\000n}{section.3.7}% 38
\BOOKMARK [2][-]{subsection.3.7.2}{\376\377\0003\000.\0007\000.\0002\000\040\000M\000e\000m\000b\000e\000r\000\040\000F\000u\000n\000c\000t\000i\000o\000n\000\040\000D\000o\000c\000u\000m\000e\000n\000t\000a\000t\000i\000o\000n}{section.3.7}% 39
\BOOKMARK [3][-]{subsubsection.3.7.2.1}{\376\377\0003\000.\0007\000.\0002\000.\0001\000\040\000g\000e\000t\000D\000e\000r\000i\000v\000a\000t\000i\000v\000e\000B\000y\000t\000e\000c\000o\000d\000e\000\050\000\051}{subsection.3.7.2}% 40
\BOOKMARK [3][-]{subsubsection.3.7.2.2}{\376\377\0003\000.\0007\000.\0002\000.\0002\000\040\000g\000e\000t\000D\000e\000r\000i\000v\000a\000t\000i\000v\000e\000S\000h\000a\000p\000e\000\050\000\051}{subsection.3.7.2}% 41
\BOOKMARK [3][-]{subsubsection.3.7.2.3}{\376\377\0003\000.\0007\000.\0002\000.\0003\000\040\000g\000e\000t\000O\000p\000e\000r\000a\000n\000d\000s\000C\000o\000u\000n\000t\000\050\000\051}{subsection.3.7.2}% 42
\BOOKMARK [3][-]{subsubsection.3.7.2.4}{\376\377\0003\000.\0007\000.\0002\000.\0004\000\040\000g\000e\000t\000O\000u\000t\000p\000u\000t\000S\000h\000a\000p\000e\000\050\000\051}{subsection.3.7.2}% 43
\BOOKMARK [1][-]{section.3.8}{\376\377\0003\000.\0008\000\040\000a\000t\000h\000e\000n\000a\000:\000:\000b\000a\000c\000k\000e\000n\000d\000:\000:\000g\000e\000n\000e\000r\000i\000c\000:\000:\000C\000P\000U\000D\000e\000v\000i\000c\000e\000\040\000C\000l\000a\000s\000s\000\040\000R\000e\000f\000e\000r\000e\000n\000c\000e}{chapter.3}% 44
\BOOKMARK [2][-]{subsection.3.8.1}{\376\377\0003\000.\0008\000.\0001\000\040\000D\000e\000t\000a\000i\000l\000e\000d\000\040\000D\000e\000s\000c\000r\000i\000p\000t\000i\000o\000n}{section.3.8}% 45
\BOOKMARK [1][-]{section.3.9}{\376\377\0003\000.\0009\000\040\000a\000t\000h\000e\000n\000a\000:\000:\000c\000o\000r\000e\000:\000:\000i\000n\000i\000t\000i\000a\000l\000i\000z\000e\000r\000s\000:\000:\000D\000a\000t\000a\000I\000n\000i\000t\000i\000a\000l\000i\000z\000e\000r\000\040\000C\000l\000a\000s\000s\000\040\000R\000e\000f\000e\000r\000e\000n\000c\000e}{chapter.3}% 46
\BOOKMARK [2][-]{subsection.3.9.1}{\376\377\0003\000.\0009\000.\0001\000\040\000D\000e\000t\000a\000i\000l\000e\000d\000\040\000D\000e\000s\000c\000r\000i\000p\000t\000i\000o\000n}{section.3.9}% 47
\BOOKMARK [2][-]{subsection.3.9.2}{\376\377\0003\000.\0009\000.\0002\000\040\000M\000e\000m\000b\000e\000r\000\040\000F\000u\000n\000c\000t\000i\000o\000n\000\040\000D\000o\000c\000u\000m\000e\000n\000t\000a\000t\000i\000o\000n}{section.3.9}% 48
\BOOKMARK [3][-]{subsubsection.3.9.2.1}{\376\377\0003\000.\0009\000.\0002\000.\0001\000\040\000i\000n\000i\000t\000i\000a\000l\000i\000z\000e\000\050\000\051}{subsection.3.9.2}% 49
\BOOKMARK [1][-]{section.3.10}{\376\377\0003\000.\0001\0000\000\040\000a\000t\000h\000e\000n\000a\000:\000:\000b\000a\000c\000k\000e\000n\000d\000:\000:\000g\000e\000n\000e\000r\000i\000c\000:\000:\000G\000e\000n\000e\000r\000i\000c\000E\000x\000e\000c\000u\000t\000o\000r\000\040\000C\000l\000a\000s\000s\000\040\000R\000e\000f\000e\000r\000e\000n\000c\000e}{chapter.3}% 50
\BOOKMARK [2][-]{subsection.3.10.1}{\376\377\0003\000.\0001\0000\000.\0001\000\040\000D\000e\000t\000a\000i\000l\000e\000d\000\040\000D\000e\000s\000c\000r\000i\000p\000t\000i\000o\000n}{section.3.10}% 51
\BOOKMARK [2][-]{subsection.3.10.2}{\376\377\0003\000.\0001\0000\000.\0002\000\040\000M\000e\000m\000b\000e\000r\000\040\000F\000u\000n\000c\000t\000i\000o\000n\000\040\000D\000o\000c\000u\000m\000e\000n\000t\000a\000t\000i\000o\000n}{section.3.10}% 52
\BOOKMARK [3][-]{subsubsection.3.10.2.1}{\376\377\0003\000.\0001\0000\000.\0002\000.\0001\000\040\000e\000x\000e\000c\000u\000t\000e\000\050\000\051}{subsection.3.10.2}% 53
\BOOKMARK [3][-]{subsubsection.3.10.2.2}{\376\377\0003\000.\0001\0000\000.\0002\000.\0002\000\040\000g\000e\000t\000M\000e\000m\000o\000r\000y\000M\000a\000n\000a\000g\000e\000r\000\050\000\051}{subsection.3.10.2}% 54
\BOOKMARK [1][-]{section.3.11}{\376\377\0003\000.\0001\0001\000\040\000a\000t\000h\000e\000n\000a\000:\000:\000b\000a\000c\000k\000e\000n\000d\000:\000:\000g\000e\000n\000e\000r\000i\000c\000:\000:\000G\000e\000n\000e\000r\000i\000c\000M\000e\000m\000o\000r\000y\000M\000a\000n\000a\000g\000e\000r\000\040\000C\000l\000a\000s\000s\000\040\000R\000e\000f\000e\000r\000e\000n\000c\000e}{chapter.3}% 55
\BOOKMARK [2][-]{subsection.3.11.1}{\376\377\0003\000.\0001\0001\000.\0001\000\040\000D\000e\000t\000a\000i\000l\000e\000d\000\040\000D\000e\000s\000c\000r\000i\000p\000t\000i\000o\000n}{section.3.11}% 56
\BOOKMARK [2][-]{subsection.3.11.2}{\376\377\0003\000.\0001\0001\000.\0002\000\040\000M\000e\000m\000b\000e\000r\000\040\000F\000u\000n\000c\000t\000i\000o\000n\000\040\000D\000o\000c\000u\000m\000e\000n\000t\000a\000t\000i\000o\000n}{section.3.11}% 57
\BOOKMARK [3][-]{subsubsection.3.11.2.1}{\376\377\0003\000.\0001\0001\000.\0002\000.\0001\000\040\000a\000l\000l\000o\000c\000a\000t\000e\000A\000n\000d\000L\000o\000c\000k\000\050\000\051\000\040\000[\0001\000/\0004\000]}{subsection.3.11.2}% 58
\BOOKMARK [3][-]{subsubsection.3.11.2.2}{\376\377\0003\000.\0001\0001\000.\0002\000.\0002\000\040\000a\000l\000l\000o\000c\000a\000t\000e\000A\000n\000d\000L\000o\000c\000k\000\050\000\051\000\040\000[\0002\000/\0004\000]}{subsection.3.11.2}% 59
\BOOKMARK [3][-]{subsubsection.3.11.2.3}{\376\377\0003\000.\0001\0001\000.\0002\000.\0003\000\040\000a\000l\000l\000o\000c\000a\000t\000e\000A\000n\000d\000L\000o\000c\000k\000\050\000\051\000\040\000[\0003\000/\0004\000]}{subsection.3.11.2}% 60
\BOOKMARK [3][-]{subsubsection.3.11.2.4}{\376\377\0003\000.\0001\0001\000.\0002\000.\0004\000\040\000a\000l\000l\000o\000c\000a\000t\000e\000A\000n\000d\000L\000o\000c\000k\000\050\000\051\000\040\000[\0004\000/\0004\000]}{subsection.3.11.2}% 61
\BOOKMARK [3][-]{subsubsection.3.11.2.5}{\376\377\0003\000.\0001\0001\000.\0002\000.\0005\000\040\000d\000e\000i\000n\000i\000t\000\050\000\051}{subsection.3.11.2}% 62
\BOOKMARK [3][-]{subsubsection.3.11.2.6}{\376\377\0003\000.\0001\0001\000.\0002\000.\0006\000\040\000d\000e\000l\000e\000t\000e\000F\000r\000o\000m\000M\000e\000m\000\050\000\051}{subsection.3.11.2}% 63
\BOOKMARK [3][-]{subsubsection.3.11.2.7}{\376\377\0003\000.\0001\0001\000.\0002\000.\0007\000\040\000g\000e\000t\000P\000h\000y\000s\000i\000c\000a\000l\000A\000d\000d\000r\000e\000s\000s\000\050\000\051}{subsection.3.11.2}% 64
\BOOKMARK [3][-]{subsubsection.3.11.2.8}{\376\377\0003\000.\0001\0001\000.\0002\000.\0008\000\040\000i\000n\000i\000t\000\050\000\051}{subsection.3.11.2}% 65
\BOOKMARK [3][-]{subsubsection.3.11.2.9}{\376\377\0003\000.\0001\0001\000.\0002\000.\0009\000\040\000l\000o\000a\000d\000A\000n\000d\000L\000o\000c\000k\000\050\000\051\000\040\000[\0001\000/\0004\000]}{subsection.3.11.2}% 66
\BOOKMARK [3][-]{subsubsection.3.11.2.10}{\376\377\0003\000.\0001\0001\000.\0002\000.\0001\0000\000\040\000l\000o\000a\000d\000A\000n\000d\000L\000o\000c\000k\000\050\000\051\000\040\000[\0002\000/\0004\000]}{subsection.3.11.2}% 67
\BOOKMARK [3][-]{subsubsection.3.11.2.11}{\376\377\0003\000.\0001\0001\000.\0002\000.\0001\0001\000\040\000l\000o\000a\000d\000A\000n\000d\000L\000o\000c\000k\000\050\000\051\000\040\000[\0003\000/\0004\000]}{subsection.3.11.2}% 68
\BOOKMARK [3][-]{subsubsection.3.11.2.12}{\376\377\0003\000.\0001\0001\000.\0002\000.\0001\0002\000\040\000l\000o\000a\000d\000A\000n\000d\000L\000o\000c\000k\000\050\000\051\000\040\000[\0004\000/\0004\000]}{subsection.3.11.2}% 69
\BOOKMARK [3][-]{subsubsection.3.11.2.13}{\376\377\0003\000.\0001\0001\000.\0002\000.\0001\0003\000\040\000p\000r\000o\000c\000e\000s\000s\000Q\000u\000e\000u\000e\000\050\000\051}{subsection.3.11.2}% 70
\BOOKMARK [3][-]{subsubsection.3.11.2.14}{\376\377\0003\000.\0001\0001\000.\0002\000.\0001\0004\000\040\000s\000e\000t\000D\000a\000t\000a\000\050\000\051}{subsection.3.11.2}% 71
\BOOKMARK [3][-]{subsubsection.3.11.2.15}{\376\377\0003\000.\0001\0001\000.\0002\000.\0001\0005\000\040\000u\000n\000l\000o\000c\000k\000\050\000\051}{subsection.3.11.2}% 72
\BOOKMARK [1][-]{section.3.12}{\376\377\0003\000.\0001\0002\000\040\000a\000t\000h\000e\000n\000a\000:\000:\000c\000o\000r\000e\000:\000:\000o\000p\000t\000i\000m\000i\000z\000e\000r\000s\000:\000:\000G\000r\000a\000d\000i\000e\000n\000t\000D\000e\000s\000c\000e\000n\000t\000\040\000C\000l\000a\000s\000s\000\040\000R\000e\000f\000e\000r\000e\000n\000c\000e}{chapter.3}% 73
\BOOKMARK [2][-]{subsection.3.12.1}{\376\377\0003\000.\0001\0002\000.\0001\000\040\000D\000e\000t\000a\000i\000l\000e\000d\000\040\000D\000e\000s\000c\000r\000i\000p\000t\000i\000o\000n}{section.3.12}% 74
\BOOKMARK [1][-]{section.3.13}{\376\377\0003\000.\0001\0003\000\040\000a\000t\000h\000e\000n\000a\000:\000:\000c\000o\000r\000e\000:\000:\000I\000n\000p\000u\000t\000N\000o\000d\000e\000\040\000C\000l\000a\000s\000s\000\040\000R\000e\000f\000e\000r\000e\000n\000c\000e}{chapter.3}% 75
\BOOKMARK [2][-]{subsection.3.13.1}{\376\377\0003\000.\0001\0003\000.\0001\000\040\000D\000e\000t\000a\000i\000l\000e\000d\000\040\000D\000e\000s\000c\000r\000i\000p\000t\000i\000o\000n}{section.3.13}% 76
\BOOKMARK [2][-]{subsection.3.13.2}{\376\377\0003\000.\0001\0003\000.\0002\000\040\000M\000e\000m\000b\000e\000r\000\040\000F\000u\000n\000c\000t\000i\000o\000n\000\040\000D\000o\000c\000u\000m\000e\000n\000t\000a\000t\000i\000o\000n}{section.3.13}% 77
\BOOKMARK [3][-]{subsubsection.3.13.2.1}{\376\377\0003\000.\0001\0003\000.\0002\000.\0001\000\040\000a\000f\000t\000e\000r\000\050\000\051}{subsection.3.13.2}% 78
\BOOKMARK [3][-]{subsubsection.3.13.2.2}{\376\377\0003\000.\0001\0003\000.\0002\000.\0002\000\040\000g\000e\000t\000D\000a\000t\000a\000\050\000\051}{subsection.3.13.2}% 79
\BOOKMARK [3][-]{subsubsection.3.13.2.3}{\376\377\0003\000.\0001\0003\000.\0002\000.\0003\000\040\000g\000e\000t\000M\000a\000p\000p\000e\000d\000M\000e\000m\000C\000e\000l\000l\000\050\000\051}{subsection.3.13.2}% 80
\BOOKMARK [3][-]{subsubsection.3.13.2.4}{\376\377\0003\000.\0001\0003\000.\0002\000.\0004\000\040\000i\000s\000F\000r\000o\000z\000e\000n\000\050\000\051}{subsection.3.13.2}% 81
\BOOKMARK [3][-]{subsubsection.3.13.2.5}{\376\377\0003\000.\0001\0003\000.\0002\000.\0005\000\040\000i\000s\000I\000n\000p\000u\000t\000N\000o\000d\000e\000\050\000\051}{subsection.3.13.2}% 82
\BOOKMARK [3][-]{subsubsection.3.13.2.6}{\376\377\0003\000.\0001\0003\000.\0002\000.\0006\000\040\000s\000e\000t\000F\000r\000o\000z\000e\000n\000\050\000\051}{subsection.3.13.2}% 83
\BOOKMARK [3][-]{subsubsection.3.13.2.7}{\376\377\0003\000.\0001\0003\000.\0002\000.\0007\000\040\000s\000e\000t\000M\000a\000p\000p\000e\000d\000M\000e\000m\000C\000e\000l\000l\000\050\000\051}{subsection.3.13.2}% 84
\BOOKMARK [1][-]{section.3.14}{\376\377\0003\000.\0001\0004\000\040\000a\000t\000h\000e\000n\000a\000:\000:\000c\000o\000r\000e\000:\000:\000k\000e\000r\000n\000e\000l\000s\000:\000:\000M\000a\000t\000M\000u\000l\000O\000p\000K\000e\000r\000n\000e\000l\000\040\000C\000l\000a\000s\000s\000\040\000R\000e\000f\000e\000r\000e\000n\000c\000e}{chapter.3}% 85
\BOOKMARK [2][-]{subsection.3.14.1}{\376\377\0003\000.\0001\0004\000.\0001\000\040\000D\000e\000t\000a\000i\000l\000e\000d\000\040\000D\000e\000s\000c\000r\000i\000p\000t\000i\000o\000n}{section.3.14}% 86
\BOOKMARK [2][-]{subsection.3.14.2}{\376\377\0003\000.\0001\0004\000.\0002\000\040\000M\000e\000m\000b\000e\000r\000\040\000F\000u\000n\000c\000t\000i\000o\000n\000\040\000D\000o\000c\000u\000m\000e\000n\000t\000a\000t\000i\000o\000n}{section.3.14}% 87
\BOOKMARK [3][-]{subsubsection.3.14.2.1}{\376\377\0003\000.\0001\0004\000.\0002\000.\0001\000\040\000g\000e\000t\000D\000e\000r\000i\000v\000a\000t\000i\000v\000e\000B\000y\000t\000e\000c\000o\000d\000e\000\050\000\051}{subsection.3.14.2}% 88
\BOOKMARK [3][-]{subsubsection.3.14.2.2}{\376\377\0003\000.\0001\0004\000.\0002\000.\0002\000\040\000g\000e\000t\000D\000e\000r\000i\000v\000a\000t\000i\000v\000e\000S\000h\000a\000p\000e\000\050\000\051}{subsection.3.14.2}% 89
\BOOKMARK [3][-]{subsubsection.3.14.2.3}{\376\377\0003\000.\0001\0004\000.\0002\000.\0003\000\040\000g\000e\000t\000O\000p\000e\000r\000a\000n\000d\000s\000C\000o\000u\000n\000t\000\050\000\051}{subsection.3.14.2}% 90
\BOOKMARK [3][-]{subsubsection.3.14.2.4}{\376\377\0003\000.\0001\0004\000.\0002\000.\0004\000\040\000g\000e\000t\000O\000u\000t\000p\000u\000t\000S\000h\000a\000p\000e\000\050\000\051}{subsection.3.14.2}% 91
\BOOKMARK [1][-]{section.3.15}{\376\377\0003\000.\0001\0005\000\040\000a\000t\000h\000e\000n\000a\000:\000:\000b\000a\000c\000k\000e\000n\000d\000:\000:\000g\000e\000n\000e\000r\000i\000c\000:\000:\000M\000e\000m\000o\000r\000y\000C\000h\000u\000n\000k\000\040\000S\000t\000r\000u\000c\000t\000\040\000R\000e\000f\000e\000r\000e\000n\000c\000e}{chapter.3}% 92
\BOOKMARK [2][-]{subsection.3.15.1}{\376\377\0003\000.\0001\0005\000.\0001\000\040\000D\000e\000t\000a\000i\000l\000e\000d\000\040\000D\000e\000s\000c\000r\000i\000p\000t\000i\000o\000n}{section.3.15}% 93
\BOOKMARK [1][-]{section.3.16}{\376\377\0003\000.\0001\0006\000\040\000a\000t\000h\000e\000n\000a\000:\000:\000c\000o\000r\000e\000:\000:\000l\000o\000s\000s\000:\000:\000M\000S\000E\000L\000o\000s\000s\000\040\000C\000l\000a\000s\000s\000\040\000R\000e\000f\000e\000r\000e\000n\000c\000e}{chapter.3}% 94
\BOOKMARK [2][-]{subsection.3.16.1}{\376\377\0003\000.\0001\0006\000.\0001\000\040\000D\000e\000t\000a\000i\000l\000e\000d\000\040\000D\000e\000s\000c\000r\000i\000p\000t\000i\000o\000n}{section.3.16}% 95
\BOOKMARK [1][-]{section.3.17}{\376\377\0003\000.\0001\0007\000\040\000a\000t\000h\000e\000n\000a\000:\000:\000c\000o\000r\000e\000:\000:\000l\000o\000s\000s\000:\000:\000M\000S\000E\000O\000p\000K\000e\000r\000n\000e\000l\000\040\000C\000l\000a\000s\000s\000\040\000R\000e\000f\000e\000r\000e\000n\000c\000e}{chapter.3}% 96
\BOOKMARK [2][-]{subsection.3.17.1}{\376\377\0003\000.\0001\0007\000.\0001\000\040\000D\000e\000t\000a\000i\000l\000e\000d\000\040\000D\000e\000s\000c\000r\000i\000p\000t\000i\000o\000n}{section.3.17}% 97
\BOOKMARK [2][-]{subsection.3.17.2}{\376\377\0003\000.\0001\0007\000.\0002\000\040\000M\000e\000m\000b\000e\000r\000\040\000F\000u\000n\000c\000t\000i\000o\000n\000\040\000D\000o\000c\000u\000m\000e\000n\000t\000a\000t\000i\000o\000n}{section.3.17}% 98
\BOOKMARK [3][-]{subsubsection.3.17.2.1}{\376\377\0003\000.\0001\0007\000.\0002\000.\0001\000\040\000g\000e\000t\000D\000e\000r\000i\000v\000a\000t\000i\000v\000e\000B\000y\000t\000e\000c\000o\000d\000e\000\050\000\051}{subsection.3.17.2}% 99
\BOOKMARK [3][-]{subsubsection.3.17.2.2}{\376\377\0003\000.\0001\0007\000.\0002\000.\0002\000\040\000g\000e\000t\000D\000e\000r\000i\000v\000a\000t\000i\000v\000e\000S\000h\000a\000p\000e\000\050\000\051}{subsection.3.17.2}% 100
\BOOKMARK [3][-]{subsubsection.3.17.2.3}{\376\377\0003\000.\0001\0007\000.\0002\000.\0003\000\040\000g\000e\000t\000O\000p\000e\000r\000a\000n\000d\000s\000C\000o\000u\000n\000t\000\050\000\051}{subsection.3.17.2}% 101
\BOOKMARK [3][-]{subsubsection.3.17.2.4}{\376\377\0003\000.\0001\0007\000.\0002\000.\0004\000\040\000g\000e\000t\000O\000u\000t\000p\000u\000t\000S\000h\000a\000p\000e\000\050\000\051}{subsection.3.17.2}% 102
\BOOKMARK [1][-]{section.3.18}{\376\377\0003\000.\0001\0008\000\040\000a\000t\000h\000e\000n\000a\000:\000:\000c\000o\000r\000e\000:\000:\000N\000o\000d\000e\000\040\000C\000l\000a\000s\000s\000\040\000R\000e\000f\000e\000r\000e\000n\000c\000e}{chapter.3}% 103
\BOOKMARK [2][-]{subsection.3.18.1}{\376\377\0003\000.\0001\0008\000.\0001\000\040\000D\000e\000t\000a\000i\000l\000e\000d\000\040\000D\000e\000s\000c\000r\000i\000p\000t\000i\000o\000n}{section.3.18}% 104
\BOOKMARK [2][-]{subsection.3.18.2}{\376\377\0003\000.\0001\0008\000.\0002\000\040\000M\000e\000m\000b\000e\000r\000\040\000F\000u\000n\000c\000t\000i\000o\000n\000\040\000D\000o\000c\000u\000m\000e\000n\000t\000a\000t\000i\000o\000n}{section.3.18}% 105
\BOOKMARK [3][-]{subsubsection.3.18.2.1}{\376\377\0003\000.\0001\0008\000.\0002\000.\0001\000\040\000a\000f\000t\000e\000r\000\050\000\051}{subsection.3.18.2}% 106
\BOOKMARK [3][-]{subsubsection.3.18.2.2}{\376\377\0003\000.\0001\0008\000.\0002\000.\0002\000\040\000i\000s\000I\000n\000p\000u\000t\000N\000o\000d\000e\000\050\000\051}{subsection.3.18.2}% 107
\BOOKMARK [1][-]{section.3.19}{\376\377\0003\000.\0001\0009\000\040\000a\000t\000h\000e\000n\000a\000:\000:\000c\000o\000r\000e\000:\000:\000O\000p\000K\000e\000r\000n\000e\000l\000\040\000C\000l\000a\000s\000s\000\040\000R\000e\000f\000e\000r\000e\000n\000c\000e}{chapter.3}% 108
\BOOKMARK [2][-]{subsection.3.19.1}{\376\377\0003\000.\0001\0009\000.\0001\000\040\000D\000e\000t\000a\000i\000l\000e\000d\000\040\000D\000e\000s\000c\000r\000i\000p\000t\000i\000o\000n}{section.3.19}% 109
\BOOKMARK [2][-]{subsection.3.19.2}{\376\377\0003\000.\0001\0009\000.\0002\000\040\000M\000e\000m\000b\000e\000r\000\040\000F\000u\000n\000c\000t\000i\000o\000n\000\040\000D\000o\000c\000u\000m\000e\000n\000t\000a\000t\000i\000o\000n}{section.3.19}% 110
\BOOKMARK [3][-]{subsubsection.3.19.2.1}{\376\377\0003\000.\0001\0009\000.\0002\000.\0001\000\040\000g\000e\000t\000D\000e\000r\000i\000v\000a\000t\000i\000v\000e\000B\000y\000t\000e\000c\000o\000d\000e\000\050\000\051}{subsection.3.19.2}% 111
\BOOKMARK [3][-]{subsubsection.3.19.2.2}{\376\377\0003\000.\0001\0009\000.\0002\000.\0002\000\040\000g\000e\000t\000D\000e\000r\000i\000v\000a\000t\000i\000v\000e\000S\000h\000a\000p\000e\000\050\000\051}{subsection.3.19.2}% 112
\BOOKMARK [3][-]{subsubsection.3.19.2.3}{\376\377\0003\000.\0001\0009\000.\0002\000.\0003\000\040\000g\000e\000t\000O\000p\000e\000r\000a\000n\000d\000s\000C\000o\000u\000n\000t\000\050\000\051}{subsection.3.19.2}% 113
\BOOKMARK [3][-]{subsubsection.3.19.2.4}{\376\377\0003\000.\0001\0009\000.\0002\000.\0004\000\040\000g\000e\000t\000O\000u\000t\000p\000u\000t\000S\000h\000a\000p\000e\000\050\000\051}{subsection.3.19.2}% 114
\BOOKMARK [1][-]{section.3.20}{\376\377\0003\000.\0002\0000\000\040\000a\000t\000h\000e\000n\000a\000:\000:\000b\000a\000c\000k\000e\000n\000d\000:\000:\000g\000e\000n\000e\000r\000i\000c\000:\000:\000Q\000u\000e\000u\000e\000I\000t\000e\000m\000\040\000S\000t\000r\000u\000c\000t\000\040\000R\000e\000f\000e\000r\000e\000n\000c\000e}{chapter.3}% 115
\BOOKMARK [2][-]{subsection.3.20.1}{\376\377\0003\000.\0002\0000\000.\0001\000\040\000D\000e\000t\000a\000i\000l\000e\000d\000\040\000D\000e\000s\000c\000r\000i\000p\000t\000i\000o\000n}{section.3.20}% 116
\BOOKMARK [1][-]{section.3.21}{\376\377\0003\000.\0002\0001\000\040\000a\000t\000h\000e\000n\000a\000:\000:\000c\000o\000r\000e\000:\000:\000k\000e\000r\000n\000e\000l\000s\000:\000:\000S\000c\000a\000l\000e\000O\000p\000K\000e\000r\000n\000e\000l\000\040\000C\000l\000a\000s\000s\000\040\000R\000e\000f\000e\000r\000e\000n\000c\000e}{chapter.3}% 117
\BOOKMARK [2][-]{subsection.3.21.1}{\376\377\0003\000.\0002\0001\000.\0001\000\040\000D\000e\000t\000a\000i\000l\000e\000d\000\040\000D\000e\000s\000c\000r\000i\000p\000t\000i\000o\000n}{section.3.21}% 118
\BOOKMARK [2][-]{subsection.3.21.2}{\376\377\0003\000.\0002\0001\000.\0002\000\040\000M\000e\000m\000b\000e\000r\000\040\000F\000u\000n\000c\000t\000i\000o\000n\000\040\000D\000o\000c\000u\000m\000e\000n\000t\000a\000t\000i\000o\000n}{section.3.21}% 119
\BOOKMARK [3][-]{subsubsection.3.21.2.1}{\376\377\0003\000.\0002\0001\000.\0002\000.\0001\000\040\000g\000e\000t\000D\000e\000r\000i\000v\000a\000t\000i\000v\000e\000B\000y\000t\000e\000c\000o\000d\000e\000\050\000\051}{subsection.3.21.2}% 120
\BOOKMARK [3][-]{subsubsection.3.21.2.2}{\376\377\0003\000.\0002\0001\000.\0002\000.\0002\000\040\000g\000e\000t\000D\000e\000r\000i\000v\000a\000t\000i\000v\000e\000S\000h\000a\000p\000e\000\050\000\051}{subsection.3.21.2}% 121
\BOOKMARK [3][-]{subsubsection.3.21.2.3}{\376\377\0003\000.\0002\0001\000.\0002\000.\0003\000\040\000g\000e\000t\000O\000p\000e\000r\000a\000n\000d\000s\000C\000o\000u\000n\000t\000\050\000\051}{subsection.3.21.2}% 122
\BOOKMARK [3][-]{subsubsection.3.21.2.4}{\376\377\0003\000.\0002\0001\000.\0002\000.\0004\000\040\000g\000e\000t\000O\000u\000t\000p\000u\000t\000S\000h\000a\000p\000e\000\050\000\051}{subsection.3.21.2}% 123
\BOOKMARK [1][-]{section.3.22}{\376\377\0003\000.\0002\0002\000\040\000a\000t\000h\000e\000n\000a\000:\000:\000c\000o\000r\000e\000:\000:\000S\000e\000s\000s\000i\000o\000n\000\040\000C\000l\000a\000s\000s\000\040\000R\000e\000f\000e\000r\000e\000n\000c\000e}{chapter.3}% 124
\BOOKMARK [2][-]{subsection.3.22.1}{\376\377\0003\000.\0002\0002\000.\0001\000\040\000D\000e\000t\000a\000i\000l\000e\000d\000\040\000D\000e\000s\000c\000r\000i\000p\000t\000i\000o\000n}{section.3.22}% 125
\BOOKMARK [2][-]{subsection.3.22.2}{\376\377\0003\000.\0002\0002\000.\0002\000\040\000M\000e\000m\000b\000e\000r\000\040\000F\000u\000n\000c\000t\000i\000o\000n\000\040\000D\000o\000c\000u\000m\000e\000n\000t\000a\000t\000i\000o\000n}{section.3.22}% 126
\BOOKMARK [3][-]{subsubsection.3.22.2.1}{\376\377\0003\000.\0002\0002\000.\0002\000.\0001\000\040\000p\000r\000e\000p\000a\000r\000e\000\050\000\051}{subsection.3.22.2}% 127
\BOOKMARK [3][-]{subsubsection.3.22.2.2}{\376\377\0003\000.\0002\0002\000.\0002\000.\0002\000\040\000r\000u\000n\000\050\000\051}{subsection.3.22.2}% 128
\BOOKMARK [1][-]{section.3.23}{\376\377\0003\000.\0002\0003\000\040\000a\000t\000h\000e\000n\000a\000:\000:\000c\000o\000r\000e\000:\000:\000o\000p\000t\000i\000m\000i\000z\000e\000r\000s\000:\000:\000S\000G\000D\000O\000p\000t\000i\000m\000i\000z\000e\000r\000\040\000C\000l\000a\000s\000s\000\040\000R\000e\000f\000e\000r\000e\000n\000c\000e}{chapter.3}% 129
\BOOKMARK [2][-]{subsection.3.23.1}{\376\377\0003\000.\0002\0003\000.\0001\000\040\000D\000e\000t\000a\000i\000l\000e\000d\000\040\000D\000e\000s\000c\000r\000i\000p\000t\000i\000o\000n}{section.3.23}% 130
\BOOKMARK [1][-]{section.3.24}{\376\377\0003\000.\0002\0004\000\040\000a\000t\000h\000e\000n\000a\000:\000:\000c\000o\000r\000e\000:\000:\000k\000e\000r\000n\000e\000l\000s\000:\000:\000S\000i\000g\000m\000o\000i\000d\000O\000p\000K\000e\000r\000n\000e\000l\000\040\000C\000l\000a\000s\000s\000\040\000R\000e\000f\000e\000r\000e\000n\000c\000e}{chapter.3}% 131
\BOOKMARK [2][-]{subsection.3.24.1}{\376\377\0003\000.\0002\0004\000.\0001\000\040\000D\000e\000t\000a\000i\000l\000e\000d\000\040\000D\000e\000s\000c\000r\000i\000p\000t\000i\000o\000n}{section.3.24}% 132
\BOOKMARK [2][-]{subsection.3.24.2}{\376\377\0003\000.\0002\0004\000.\0002\000\040\000M\000e\000m\000b\000e\000r\000\040\000F\000u\000n\000c\000t\000i\000o\000n\000\040\000D\000o\000c\000u\000m\000e\000n\000t\000a\000t\000i\000o\000n}{section.3.24}% 133
\BOOKMARK [3][-]{subsubsection.3.24.2.1}{\376\377\0003\000.\0002\0004\000.\0002\000.\0001\000\040\000g\000e\000t\000D\000e\000r\000i\000v\000a\000t\000i\000v\000e\000B\000y\000t\000e\000c\000o\000d\000e\000\050\000\051}{subsection.3.24.2}% 134
\BOOKMARK [3][-]{subsubsection.3.24.2.2}{\376\377\0003\000.\0002\0004\000.\0002\000.\0002\000\040\000g\000e\000t\000D\000e\000r\000i\000v\000a\000t\000i\000v\000e\000S\000h\000a\000p\000e\000\050\000\051}{subsection.3.24.2}% 135
\BOOKMARK [3][-]{subsubsection.3.24.2.3}{\376\377\0003\000.\0002\0004\000.\0002\000.\0003\000\040\000g\000e\000t\000O\000p\000e\000r\000a\000n\000d\000s\000C\000o\000u\000n\000t\000\050\000\051}{subsection.3.24.2}% 136
\BOOKMARK [3][-]{subsubsection.3.24.2.4}{\376\377\0003\000.\0002\0004\000.\0002\000.\0004\000\040\000g\000e\000t\000O\000u\000t\000p\000u\000t\000S\000h\000a\000p\000e\000\050\000\051}{subsection.3.24.2}% 137
\BOOKMARK [1][-]{section.3.25}{\376\377\0003\000.\0002\0005\000\040\000a\000t\000h\000e\000n\000a\000:\000:\000b\000a\000c\000k\000e\000n\000d\000:\000:\000g\000e\000n\000e\000r\000i\000c\000:\000:\000S\000w\000a\000p\000R\000e\000c\000o\000r\000d\000\040\000S\000t\000r\000u\000c\000t\000\040\000R\000e\000f\000e\000r\000e\000n\000c\000e}{chapter.3}% 138
\BOOKMARK [2][-]{subsection.3.25.1}{\376\377\0003\000.\0002\0005\000.\0001\000\040\000D\000e\000t\000a\000i\000l\000e\000d\000\040\000D\000e\000s\000c\000r\000i\000p\000t\000i\000o\000n}{section.3.25}% 139
\BOOKMARK [1][-]{section.3.26}{\376\377\0003\000.\0002\0006\000\040\000a\000t\000h\000e\000n\000a\000:\000:\000c\000o\000r\000e\000:\000:\000T\000e\000n\000s\000o\000r\000\040\000C\000l\000a\000s\000s\000\040\000R\000e\000f\000e\000r\000e\000n\000c\000e}{chapter.3}% 140
\BOOKMARK [2][-]{subsection.3.26.1}{\376\377\0003\000.\0002\0006\000.\0001\000\040\000D\000e\000t\000a\000i\000l\000e\000d\000\040\000D\000e\000s\000c\000r\000i\000p\000t\000i\000o\000n}{section.3.26}% 141
\BOOKMARK [1][-]{section.3.27}{\376\377\0003\000.\0002\0007\000\040\000a\000t\000h\000e\000n\000a\000:\000:\000c\000o\000r\000e\000:\000:\000T\000e\000n\000s\000o\000r\000S\000h\000a\000p\000e\000\040\000C\000l\000a\000s\000s\000\040\000R\000e\000f\000e\000r\000e\000n\000c\000e}{chapter.3}% 142
\BOOKMARK [2][-]{subsection.3.27.1}{\376\377\0003\000.\0002\0007\000.\0001\000\040\000D\000e\000t\000a\000i\000l\000e\000d\000\040\000D\000e\000s\000c\000r\000i\000p\000t\000i\000o\000n}{section.3.27}% 143
\BOOKMARK [2][-]{subsection.3.27.2}{\376\377\0003\000.\0002\0007\000.\0002\000\040\000M\000e\000m\000b\000e\000r\000\040\000F\000u\000n\000c\000t\000i\000o\000n\000\040\000D\000o\000c\000u\000m\000e\000n\000t\000a\000t\000i\000o\000n}{section.3.27}% 144
\BOOKMARK [3][-]{subsubsection.3.27.2.1}{\376\377\0003\000.\0002\0007\000.\0002\000.\0001\000\040\000d\000i\000m\000\050\000\051}{subsection.3.27.2}% 145
\BOOKMARK [3][-]{subsubsection.3.27.2.2}{\376\377\0003\000.\0002\0007\000.\0002\000.\0002\000\040\000d\000i\000m\000e\000n\000s\000i\000o\000n\000s\000\050\000\051}{subsection.3.27.2}% 146
\BOOKMARK [3][-]{subsubsection.3.27.2.3}{\376\377\0003\000.\0002\0007\000.\0002\000.\0003\000\040\000o\000p\000e\000r\000a\000t\000o\000r\000!\000=\000\050\000\051}{subsection.3.27.2}% 147
\BOOKMARK [3][-]{subsubsection.3.27.2.4}{\376\377\0003\000.\0002\0007\000.\0002\000.\0004\000\040\000o\000p\000e\000r\000a\000t\000o\000r\000=\000=\000\050\000\051}{subsection.3.27.2}% 148
\BOOKMARK [3][-]{subsubsection.3.27.2.5}{\376\377\0003\000.\0002\0007\000.\0002\000.\0005\000\040\000t\000o\000t\000a\000l\000S\000i\000z\000e\000\050\000\051}{subsection.3.27.2}% 149
\BOOKMARK [1][-]{section.3.28}{\376\377\0003\000.\0002\0008\000\040\000a\000t\000h\000e\000n\000a\000:\000:\000b\000a\000c\000k\000e\000n\000d\000:\000:\000V\000i\000r\000t\000u\000a\000l\000M\000e\000m\000o\000r\000y\000\040\000C\000l\000a\000s\000s\000\040\000R\000e\000f\000e\000r\000e\000n\000c\000e}{chapter.3}% 150
\BOOKMARK [2][-]{subsection.3.28.1}{\376\377\0003\000.\0002\0008\000.\0001\000\040\000D\000e\000t\000a\000i\000l\000e\000d\000\040\000D\000e\000s\000c\000r\000i\000p\000t\000i\000o\000n}{section.3.28}% 151
\BOOKMARK [2][-]{subsection.3.28.2}{\376\377\0003\000.\0002\0008\000.\0002\000\040\000M\000e\000m\000b\000e\000r\000\040\000F\000u\000n\000c\000t\000i\000o\000n\000\040\000D\000o\000c\000u\000m\000e\000n\000t\000a\000t\000i\000o\000n}{section.3.28}% 152
\BOOKMARK [3][-]{subsubsection.3.28.2.1}{\376\377\0003\000.\0002\0008\000.\0002\000.\0001\000\040\000a\000l\000l\000o\000c\000a\000t\000e\000\050\000\051}{subsection.3.28.2}% 153
\BOOKMARK [3][-]{subsubsection.3.28.2.2}{\376\377\0003\000.\0002\0008\000.\0002\000.\0002\000\040\000f\000r\000e\000e\000\050\000\051\000\040\000[\0001\000/\0002\000]}{subsection.3.28.2}% 154
\BOOKMARK [3][-]{subsubsection.3.28.2.3}{\376\377\0003\000.\0002\0008\000.\0002\000.\0003\000\040\000f\000r\000e\000e\000\050\000\051\000\040\000[\0002\000/\0002\000]}{subsection.3.28.2}% 155
\BOOKMARK [1][-]{section.3.29}{\376\377\0003\000.\0002\0009\000\040\000a\000t\000h\000e\000n\000a\000:\000:\000b\000a\000c\000k\000e\000n\000d\000:\000:\000V\000M\000e\000m\000o\000r\000y\000B\000l\000o\000c\000k\000\040\000S\000t\000r\000u\000c\000t\000\040\000R\000e\000f\000e\000r\000e\000n\000c\000e}{chapter.3}% 156
\BOOKMARK [2][-]{subsection.3.29.1}{\376\377\0003\000.\0002\0009\000.\0001\000\040\000D\000e\000t\000a\000i\000l\000e\000d\000\040\000D\000e\000s\000c\000r\000i\000p\000t\000i\000o\000n}{section.3.29}% 157
\BOOKMARK [1][-]{section.3.30}{\376\377\0003\000.\0003\0000\000\040\000a\000t\000h\000e\000n\000a\000:\000:\000c\000o\000r\000e\000:\000:\000i\000n\000i\000t\000i\000a\000l\000i\000z\000e\000r\000s\000:\000:\000V\000o\000i\000d\000I\000n\000i\000t\000i\000a\000l\000i\000z\000e\000r\000\040\000C\000l\000a\000s\000s\000\040\000R\000e\000f\000e\000r\000e\000n\000c\000e}{chapter.3}% 158
\BOOKMARK [2][-]{subsection.3.30.1}{\376\377\0003\000.\0003\0000\000.\0001\000\040\000D\000e\000t\000a\000i\000l\000e\000d\000\040\000D\000e\000s\000c\000r\000i\000p\000t\000i\000o\000n}{section.3.30}% 159
\BOOKMARK [2][-]{subsection.3.30.2}{\376\377\0003\000.\0003\0000\000.\0002\000\040\000M\000e\000m\000b\000e\000r\000\040\000F\000u\000n\000c\000t\000i\000o\000n\000\040\000D\000o\000c\000u\000m\000e\000n\000t\000a\000t\000i\000o\000n}{section.3.30}% 160
\BOOKMARK [3][-]{subsubsection.3.30.2.1}{\376\377\0003\000.\0003\0000\000.\0002\000.\0001\000\040\000i\000n\000i\000t\000i\000a\000l\000i\000z\000e\000\050\000\051}{subsection.3.30.2}% 161
\BOOKMARK [0][-]{section*.75}{\376\377\000I\000n\000d\000e\000x}{}% 162
