\BOOKMARK [0][-]{chapter.1}{\376\377\0001\000\040\000H\000i\000e\000r\000a\000r\000c\000h\000i\000c\000a\000l\000\040\000I\000n\000d\000e\000x}{}% 1
\BOOKMARK [1][-]{section.1.1}{\376\377\0001\000.\0001\000\040\000C\000l\000a\000s\000s\000\040\000H\000i\000e\000r\000a\000r\000c\000h\000y}{chapter.1}% 2
\BOOKMARK [0][-]{chapter.2}{\376\377\0002\000\040\000C\000l\000a\000s\000s\000\040\000I\000n\000d\000e\000x}{}% 3
\BOOKMARK [1][-]{section.2.1}{\376\377\0002\000.\0001\000\040\000C\000l\000a\000s\000s\000\040\000L\000i\000s\000t}{chapter.2}% 4
\BOOKMARK [0][-]{chapter.3}{\376\377\0003\000\040\000C\000l\000a\000s\000s\000\040\000D\000o\000c\000u\000m\000e\000n\000t\000a\000t\000i\000o\000n}{}% 5
\BOOKMARK [1][-]{section.3.1}{\376\377\0003\000.\0001\000\040\000a\000t\000h\000e\000n\000a\000:\000:\000b\000a\000c\000k\000e\000n\000d\000:\000:\000A\000b\000s\000t\000r\000a\000c\000t\000D\000e\000v\000i\000c\000e\000\040\000C\000l\000a\000s\000s\000\040\000R\000e\000f\000e\000r\000e\000n\000c\000e}{chapter.3}% 6
\BOOKMARK [1][-]{section.3.2}{\376\377\0003\000.\0002\000\040\000a\000t\000h\000e\000n\000a\000:\000:\000b\000a\000c\000k\000e\000n\000d\000:\000:\000A\000b\000s\000t\000r\000a\000c\000t\000E\000x\000e\000c\000u\000t\000o\000r\000\040\000C\000l\000a\000s\000s\000\040\000R\000e\000f\000e\000r\000e\000n\000c\000e}{chapter.3}% 7
\BOOKMARK [1][-]{section.3.3}{\376\377\0003\000.\0003\000\040\000a\000t\000h\000e\000n\000a\000:\000:\000c\000o\000r\000e\000:\000:\000l\000o\000s\000s\000:\000:\000A\000b\000s\000t\000r\000a\000c\000t\000L\000o\000s\000s\000F\000u\000n\000c\000t\000i\000o\000n\000\040\000C\000l\000a\000s\000s\000\040\000R\000e\000f\000e\000r\000e\000n\000c\000e}{chapter.3}% 8
\BOOKMARK [1][-]{section.3.4}{\376\377\0003\000.\0004\000\040\000a\000t\000h\000e\000n\000a\000:\000:\000b\000a\000c\000k\000e\000n\000d\000:\000:\000A\000b\000s\000t\000r\000a\000c\000t\000M\000e\000m\000o\000r\000y\000M\000a\000n\000a\000g\000e\000r\000\040\000C\000l\000a\000s\000s\000\040\000R\000e\000f\000e\000r\000e\000n\000c\000e}{chapter.3}% 9
\BOOKMARK [2][-]{subsection.3.4.1}{\376\377\0003\000.\0004\000.\0001\000\040\000D\000e\000t\000a\000i\000l\000e\000d\000\040\000D\000e\000s\000c\000r\000i\000p\000t\000i\000o\000n}{section.3.4}% 10
\BOOKMARK [2][-]{subsection.3.4.2}{\376\377\0003\000.\0004\000.\0002\000\040\000M\000e\000m\000b\000e\000r\000\040\000F\000u\000n\000c\000t\000i\000o\000n\000\040\000D\000o\000c\000u\000m\000e\000n\000t\000a\000t\000i\000o\000n}{section.3.4}% 11
\BOOKMARK [3][-]{subsubsection.3.4.2.1}{\376\377\0003\000.\0004\000.\0002\000.\0001\000\040\000a\000d\000d\000T\000e\000n\000s\000o\000r\000\050\000\051}{subsection.3.4.2}% 12
\BOOKMARK [3][-]{subsubsection.3.4.2.2}{\376\377\0003\000.\0004\000.\0002\000.\0002\000\040\000d\000e\000l\000e\000t\000e\000F\000r\000o\000m\000M\000e\000m\000\050\000\051}{subsection.3.4.2}% 13
\BOOKMARK [3][-]{subsubsection.3.4.2.3}{\376\377\0003\000.\0004\000.\0002\000.\0003\000\040\000g\000e\000t\000P\000h\000y\000s\000i\000c\000a\000l\000A\000d\000d\000r\000e\000s\000s\000\050\000\051}{subsection.3.4.2}% 14
\BOOKMARK [3][-]{subsubsection.3.4.2.4}{\376\377\0003\000.\0004\000.\0002\000.\0004\000\040\000l\000o\000a\000d\000\050\000\051}{subsection.3.4.2}% 15
\BOOKMARK [3][-]{subsubsection.3.4.2.5}{\376\377\0003\000.\0004\000.\0002\000.\0005\000\040\000r\000e\000s\000e\000t\000T\000a\000b\000l\000e\000\050\000\051}{subsection.3.4.2}% 16
\BOOKMARK [3][-]{subsubsection.3.4.2.6}{\376\377\0003\000.\0004\000.\0002\000.\0006\000\040\000u\000n\000l\000o\000c\000k\000\050\000\051}{subsection.3.4.2}% 17
\BOOKMARK [1][-]{section.3.5}{\376\377\0003\000.\0005\000\040\000a\000t\000h\000e\000n\000a\000:\000:\000c\000o\000r\000e\000:\000:\000o\000p\000t\000i\000m\000i\000z\000e\000r\000s\000:\000:\000A\000b\000s\000t\000r\000a\000c\000t\000O\000p\000t\000i\000m\000i\000z\000e\000r\000\040\000C\000l\000a\000s\000s\000\040\000R\000e\000f\000e\000r\000e\000n\000c\000e}{chapter.3}% 18
\BOOKMARK [1][-]{section.3.6}{\376\377\0003\000.\0006\000\040\000a\000t\000h\000e\000n\000a\000:\000:\000c\000o\000r\000e\000:\000:\000k\000e\000r\000n\000e\000l\000s\000:\000:\000A\000d\000d\000O\000p\000K\000e\000r\000n\000e\000l\000\040\000C\000l\000a\000s\000s\000\040\000R\000e\000f\000e\000r\000e\000n\000c\000e}{chapter.3}% 19
\BOOKMARK [2][-]{subsection.3.6.1}{\376\377\0003\000.\0006\000.\0001\000\040\000M\000e\000m\000b\000e\000r\000\040\000F\000u\000n\000c\000t\000i\000o\000n\000\040\000D\000o\000c\000u\000m\000e\000n\000t\000a\000t\000i\000o\000n}{section.3.6}% 20
\BOOKMARK [3][-]{subsubsection.3.6.1.1}{\376\377\0003\000.\0006\000.\0001\000.\0001\000\040\000g\000e\000t\000D\000e\000r\000i\000v\000a\000t\000i\000v\000e\000B\000y\000t\000e\000c\000o\000d\000e\000\050\000\051}{subsection.3.6.1}% 21
\BOOKMARK [3][-]{subsubsection.3.6.1.2}{\376\377\0003\000.\0006\000.\0001\000.\0002\000\040\000g\000e\000t\000D\000e\000r\000i\000v\000a\000t\000i\000v\000e\000S\000h\000a\000p\000e\000\050\000\051}{subsection.3.6.1}% 22
\BOOKMARK [3][-]{subsubsection.3.6.1.3}{\376\377\0003\000.\0006\000.\0001\000.\0003\000\040\000g\000e\000t\000O\000p\000e\000r\000a\000n\000d\000s\000C\000o\000u\000n\000t\000\050\000\051}{subsection.3.6.1}% 23
\BOOKMARK [3][-]{subsubsection.3.6.1.4}{\376\377\0003\000.\0006\000.\0001\000.\0004\000\040\000g\000e\000t\000O\000u\000t\000p\000u\000t\000S\000h\000a\000p\000e\000\050\000\051}{subsection.3.6.1}% 24
\BOOKMARK [1][-]{section.3.7}{\376\377\0003\000.\0007\000\040\000a\000t\000h\000e\000n\000a\000:\000:\000b\000a\000c\000k\000e\000n\000d\000:\000:\000g\000e\000n\000e\000r\000i\000c\000:\000:\000C\000P\000U\000D\000e\000v\000i\000c\000e\000\040\000C\000l\000a\000s\000s\000\040\000R\000e\000f\000e\000r\000e\000n\000c\000e}{chapter.3}% 25
\BOOKMARK [2][-]{subsection.3.7.1}{\376\377\0003\000.\0007\000.\0001\000\040\000D\000e\000t\000a\000i\000l\000e\000d\000\040\000D\000e\000s\000c\000r\000i\000p\000t\000i\000o\000n}{section.3.7}% 26
\BOOKMARK [1][-]{section.3.8}{\376\377\0003\000.\0008\000\040\000a\000t\000h\000e\000n\000a\000:\000:\000b\000a\000c\000k\000e\000n\000d\000:\000:\000g\000e\000n\000e\000r\000i\000c\000:\000:\000G\000e\000n\000e\000r\000i\000c\000E\000x\000e\000c\000u\000t\000o\000r\000\040\000C\000l\000a\000s\000s\000\040\000R\000e\000f\000e\000r\000e\000n\000c\000e}{chapter.3}% 27
\BOOKMARK [1][-]{section.3.9}{\376\377\0003\000.\0009\000\040\000a\000t\000h\000e\000n\000a\000:\000:\000b\000a\000c\000k\000e\000n\000d\000:\000:\000g\000e\000n\000e\000r\000i\000c\000:\000:\000G\000e\000n\000e\000r\000i\000c\000M\000e\000m\000o\000r\000y\000M\000a\000n\000a\000g\000e\000r\000\040\000C\000l\000a\000s\000s\000\040\000R\000e\000f\000e\000r\000e\000n\000c\000e}{chapter.3}% 28
\BOOKMARK [2][-]{subsection.3.9.1}{\376\377\0003\000.\0009\000.\0001\000\040\000D\000e\000t\000a\000i\000l\000e\000d\000\040\000D\000e\000s\000c\000r\000i\000p\000t\000i\000o\000n}{section.3.9}% 29
\BOOKMARK [2][-]{subsection.3.9.2}{\376\377\0003\000.\0009\000.\0002\000\040\000M\000e\000m\000b\000e\000r\000\040\000F\000u\000n\000c\000t\000i\000o\000n\000\040\000D\000o\000c\000u\000m\000e\000n\000t\000a\000t\000i\000o\000n}{section.3.9}% 30
\BOOKMARK [3][-]{subsubsection.3.9.2.1}{\376\377\0003\000.\0009\000.\0002\000.\0001\000\040\000d\000e\000i\000n\000i\000t\000\050\000\051}{subsection.3.9.2}% 31
\BOOKMARK [3][-]{subsubsection.3.9.2.2}{\376\377\0003\000.\0009\000.\0002\000.\0002\000\040\000d\000e\000l\000e\000t\000e\000F\000r\000o\000m\000M\000e\000m\000\050\000\051}{subsection.3.9.2}% 32
\BOOKMARK [3][-]{subsubsection.3.9.2.3}{\376\377\0003\000.\0009\000.\0002\000.\0003\000\040\000g\000e\000t\000P\000h\000y\000s\000i\000c\000a\000l\000A\000d\000d\000r\000e\000s\000s\000\050\000\051}{subsection.3.9.2}% 33
\BOOKMARK [3][-]{subsubsection.3.9.2.4}{\376\377\0003\000.\0009\000.\0002\000.\0004\000\040\000i\000n\000i\000t\000\050\000\051}{subsection.3.9.2}% 34
\BOOKMARK [3][-]{subsubsection.3.9.2.5}{\376\377\0003\000.\0009\000.\0002\000.\0005\000\040\000l\000o\000a\000d\000\050\000\051\000\040\000[\0001\000/\0002\000]}{subsection.3.9.2}% 35
\BOOKMARK [3][-]{subsubsection.3.9.2.6}{\376\377\0003\000.\0009\000.\0002\000.\0006\000\040\000l\000o\000a\000d\000\050\000\051\000\040\000[\0002\000/\0002\000]}{subsection.3.9.2}% 36
\BOOKMARK [3][-]{subsubsection.3.9.2.7}{\376\377\0003\000.\0009\000.\0002\000.\0007\000\040\000p\000r\000o\000c\000e\000s\000s\000Q\000u\000e\000u\000e\000\050\000\051}{subsection.3.9.2}% 37
\BOOKMARK [3][-]{subsubsection.3.9.2.8}{\376\377\0003\000.\0009\000.\0002\000.\0008\000\040\000u\000n\000l\000o\000c\000k\000\050\000\051}{subsection.3.9.2}% 38
\BOOKMARK [1][-]{section.3.10}{\376\377\0003\000.\0001\0000\000\040\000a\000t\000h\000e\000n\000a\000:\000:\000c\000o\000r\000e\000:\000:\000o\000p\000t\000i\000m\000i\000z\000e\000r\000s\000:\000:\000G\000r\000a\000d\000i\000e\000n\000t\000D\000e\000s\000c\000e\000n\000t\000\040\000C\000l\000a\000s\000s\000\040\000R\000e\000f\000e\000r\000e\000n\000c\000e}{chapter.3}% 39
\BOOKMARK [1][-]{section.3.11}{\376\377\0003\000.\0001\0001\000\040\000a\000t\000h\000e\000n\000a\000:\000:\000c\000o\000r\000e\000:\000:\000I\000n\000p\000u\000t\000N\000o\000d\000e\000\040\000C\000l\000a\000s\000s\000\040\000R\000e\000f\000e\000r\000e\000n\000c\000e}{chapter.3}% 40
\BOOKMARK [2][-]{subsection.3.11.1}{\376\377\0003\000.\0001\0001\000.\0001\000\040\000D\000e\000t\000a\000i\000l\000e\000d\000\040\000D\000e\000s\000c\000r\000i\000p\000t\000i\000o\000n}{section.3.11}% 41
\BOOKMARK [2][-]{subsection.3.11.2}{\376\377\0003\000.\0001\0001\000.\0002\000\040\000M\000e\000m\000b\000e\000r\000\040\000F\000u\000n\000c\000t\000i\000o\000n\000\040\000D\000o\000c\000u\000m\000e\000n\000t\000a\000t\000i\000o\000n}{section.3.11}% 42
\BOOKMARK [3][-]{subsubsection.3.11.2.1}{\376\377\0003\000.\0001\0001\000.\0002\000.\0001\000\040\000a\000f\000t\000e\000r\000\050\000\051}{subsection.3.11.2}% 43
\BOOKMARK [3][-]{subsubsection.3.11.2.2}{\376\377\0003\000.\0001\0001\000.\0002\000.\0002\000\040\000g\000e\000t\000D\000a\000t\000a\000\050\000\051}{subsection.3.11.2}% 44
\BOOKMARK [3][-]{subsubsection.3.11.2.3}{\376\377\0003\000.\0001\0001\000.\0002\000.\0003\000\040\000g\000e\000t\000M\000a\000p\000p\000e\000d\000M\000e\000m\000C\000e\000l\000l\000\050\000\051}{subsection.3.11.2}% 45
\BOOKMARK [3][-]{subsubsection.3.11.2.4}{\376\377\0003\000.\0001\0001\000.\0002\000.\0004\000\040\000i\000s\000F\000r\000o\000z\000e\000n\000\050\000\051}{subsection.3.11.2}% 46
\BOOKMARK [3][-]{subsubsection.3.11.2.5}{\376\377\0003\000.\0001\0001\000.\0002\000.\0005\000\040\000i\000s\000I\000n\000p\000u\000t\000N\000o\000d\000e\000\050\000\051}{subsection.3.11.2}% 47
\BOOKMARK [3][-]{subsubsection.3.11.2.6}{\376\377\0003\000.\0001\0001\000.\0002\000.\0006\000\040\000s\000e\000t\000F\000r\000o\000z\000e\000n\000\050\000\051}{subsection.3.11.2}% 48
\BOOKMARK [3][-]{subsubsection.3.11.2.7}{\376\377\0003\000.\0001\0001\000.\0002\000.\0007\000\040\000s\000e\000t\000M\000a\000p\000p\000e\000d\000M\000e\000m\000C\000e\000l\000l\000\050\000\051}{subsection.3.11.2}% 49
\BOOKMARK [1][-]{section.3.12}{\376\377\0003\000.\0001\0002\000\040\000a\000t\000h\000e\000n\000a\000:\000:\000c\000o\000r\000e\000:\000:\000k\000e\000r\000n\000e\000l\000s\000:\000:\000M\000a\000t\000M\000u\000l\000O\000p\000K\000e\000r\000n\000e\000l\000\040\000C\000l\000a\000s\000s\000\040\000R\000e\000f\000e\000r\000e\000n\000c\000e}{chapter.3}% 50
\BOOKMARK [2][-]{subsection.3.12.1}{\376\377\0003\000.\0001\0002\000.\0001\000\040\000M\000e\000m\000b\000e\000r\000\040\000F\000u\000n\000c\000t\000i\000o\000n\000\040\000D\000o\000c\000u\000m\000e\000n\000t\000a\000t\000i\000o\000n}{section.3.12}% 51
\BOOKMARK [3][-]{subsubsection.3.12.1.1}{\376\377\0003\000.\0001\0002\000.\0001\000.\0001\000\040\000g\000e\000t\000D\000e\000r\000i\000v\000a\000t\000i\000v\000e\000B\000y\000t\000e\000c\000o\000d\000e\000\050\000\051}{subsection.3.12.1}% 52
\BOOKMARK [3][-]{subsubsection.3.12.1.2}{\376\377\0003\000.\0001\0002\000.\0001\000.\0002\000\040\000g\000e\000t\000D\000e\000r\000i\000v\000a\000t\000i\000v\000e\000S\000h\000a\000p\000e\000\050\000\051}{subsection.3.12.1}% 53
\BOOKMARK [3][-]{subsubsection.3.12.1.3}{\376\377\0003\000.\0001\0002\000.\0001\000.\0003\000\040\000g\000e\000t\000O\000p\000e\000r\000a\000n\000d\000s\000C\000o\000u\000n\000t\000\050\000\051}{subsection.3.12.1}% 54
\BOOKMARK [3][-]{subsubsection.3.12.1.4}{\376\377\0003\000.\0001\0002\000.\0001\000.\0004\000\040\000g\000e\000t\000O\000u\000t\000p\000u\000t\000S\000h\000a\000p\000e\000\050\000\051}{subsection.3.12.1}% 55
\BOOKMARK [1][-]{section.3.13}{\376\377\0003\000.\0001\0003\000\040\000a\000t\000h\000e\000n\000a\000:\000:\000b\000a\000c\000k\000e\000n\000d\000:\000:\000g\000e\000n\000e\000r\000i\000c\000:\000:\000M\000e\000m\000o\000r\000y\000C\000h\000u\000n\000k\000\040\000S\000t\000r\000u\000c\000t\000\040\000R\000e\000f\000e\000r\000e\000n\000c\000e}{chapter.3}% 56
\BOOKMARK [2][-]{subsection.3.13.1}{\376\377\0003\000.\0001\0003\000.\0001\000\040\000D\000e\000t\000a\000i\000l\000e\000d\000\040\000D\000e\000s\000c\000r\000i\000p\000t\000i\000o\000n}{section.3.13}% 57
\BOOKMARK [1][-]{section.3.14}{\376\377\0003\000.\0001\0004\000\040\000a\000t\000h\000e\000n\000a\000:\000:\000c\000o\000r\000e\000:\000:\000l\000o\000s\000s\000:\000:\000M\000S\000E\000L\000o\000s\000s\000\040\000C\000l\000a\000s\000s\000\040\000R\000e\000f\000e\000r\000e\000n\000c\000e}{chapter.3}% 58
\BOOKMARK [1][-]{section.3.15}{\376\377\0003\000.\0001\0005\000\040\000a\000t\000h\000e\000n\000a\000:\000:\000c\000o\000r\000e\000:\000:\000l\000o\000s\000s\000:\000:\000M\000S\000E\000O\000p\000K\000e\000r\000n\000e\000l\000\040\000C\000l\000a\000s\000s\000\040\000R\000e\000f\000e\000r\000e\000n\000c\000e}{chapter.3}% 59
\BOOKMARK [2][-]{subsection.3.15.1}{\376\377\0003\000.\0001\0005\000.\0001\000\040\000M\000e\000m\000b\000e\000r\000\040\000F\000u\000n\000c\000t\000i\000o\000n\000\040\000D\000o\000c\000u\000m\000e\000n\000t\000a\000t\000i\000o\000n}{section.3.15}% 60
\BOOKMARK [3][-]{subsubsection.3.15.1.1}{\376\377\0003\000.\0001\0005\000.\0001\000.\0001\000\040\000g\000e\000t\000D\000e\000r\000i\000v\000a\000t\000i\000v\000e\000B\000y\000t\000e\000c\000o\000d\000e\000\050\000\051}{subsection.3.15.1}% 61
\BOOKMARK [3][-]{subsubsection.3.15.1.2}{\376\377\0003\000.\0001\0005\000.\0001\000.\0002\000\040\000g\000e\000t\000O\000p\000e\000r\000a\000n\000d\000s\000C\000o\000u\000n\000t\000\050\000\051}{subsection.3.15.1}% 62
\BOOKMARK [1][-]{section.3.16}{\376\377\0003\000.\0001\0006\000\040\000a\000t\000h\000e\000n\000a\000:\000:\000c\000o\000r\000e\000:\000:\000N\000o\000d\000e\000\040\000C\000l\000a\000s\000s\000\040\000R\000e\000f\000e\000r\000e\000n\000c\000e}{chapter.3}% 63
\BOOKMARK [2][-]{subsection.3.16.1}{\376\377\0003\000.\0001\0006\000.\0001\000\040\000D\000e\000t\000a\000i\000l\000e\000d\000\040\000D\000e\000s\000c\000r\000i\000p\000t\000i\000o\000n}{section.3.16}% 64
\BOOKMARK [2][-]{subsection.3.16.2}{\376\377\0003\000.\0001\0006\000.\0002\000\040\000M\000e\000m\000b\000e\000r\000\040\000F\000u\000n\000c\000t\000i\000o\000n\000\040\000D\000o\000c\000u\000m\000e\000n\000t\000a\000t\000i\000o\000n}{section.3.16}% 65
\BOOKMARK [3][-]{subsubsection.3.16.2.1}{\376\377\0003\000.\0001\0006\000.\0002\000.\0001\000\040\000a\000f\000t\000e\000r\000\050\000\051}{subsection.3.16.2}% 66
\BOOKMARK [3][-]{subsubsection.3.16.2.2}{\376\377\0003\000.\0001\0006\000.\0002\000.\0002\000\040\000i\000s\000I\000n\000p\000u\000t\000N\000o\000d\000e\000\050\000\051}{subsection.3.16.2}% 67
\BOOKMARK [1][-]{section.3.17}{\376\377\0003\000.\0001\0007\000\040\000a\000t\000h\000e\000n\000a\000:\000:\000c\000o\000r\000e\000:\000:\000O\000p\000K\000e\000r\000n\000e\000l\000\040\000C\000l\000a\000s\000s\000\040\000R\000e\000f\000e\000r\000e\000n\000c\000e}{chapter.3}% 68
\BOOKMARK [2][-]{subsection.3.17.1}{\376\377\0003\000.\0001\0007\000.\0001\000\040\000D\000e\000t\000a\000i\000l\000e\000d\000\040\000D\000e\000s\000c\000r\000i\000p\000t\000i\000o\000n}{section.3.17}% 69
\BOOKMARK [2][-]{subsection.3.17.2}{\376\377\0003\000.\0001\0007\000.\0002\000\040\000M\000e\000m\000b\000e\000r\000\040\000F\000u\000n\000c\000t\000i\000o\000n\000\040\000D\000o\000c\000u\000m\000e\000n\000t\000a\000t\000i\000o\000n}{section.3.17}% 70
\BOOKMARK [3][-]{subsubsection.3.17.2.1}{\376\377\0003\000.\0001\0007\000.\0002\000.\0001\000\040\000g\000e\000t\000D\000e\000r\000i\000v\000a\000t\000i\000v\000e\000B\000y\000t\000e\000c\000o\000d\000e\000\050\000\051}{subsection.3.17.2}% 71
\BOOKMARK [3][-]{subsubsection.3.17.2.2}{\376\377\0003\000.\0001\0007\000.\0002\000.\0002\000\040\000g\000e\000t\000D\000e\000r\000i\000v\000a\000t\000i\000v\000e\000S\000h\000a\000p\000e\000\050\000\051}{subsection.3.17.2}% 72
\BOOKMARK [3][-]{subsubsection.3.17.2.3}{\376\377\0003\000.\0001\0007\000.\0002\000.\0003\000\040\000g\000e\000t\000O\000p\000e\000r\000a\000n\000d\000s\000C\000o\000u\000n\000t\000\050\000\051}{subsection.3.17.2}% 73
\BOOKMARK [3][-]{subsubsection.3.17.2.4}{\376\377\0003\000.\0001\0007\000.\0002\000.\0004\000\040\000g\000e\000t\000O\000u\000t\000p\000u\000t\000S\000h\000a\000p\000e\000\050\000\051}{subsection.3.17.2}% 74
\BOOKMARK [1][-]{section.3.18}{\376\377\0003\000.\0001\0008\000\040\000a\000t\000h\000e\000n\000a\000:\000:\000b\000a\000c\000k\000e\000n\000d\000:\000:\000g\000e\000n\000e\000r\000i\000c\000:\000:\000Q\000u\000e\000u\000e\000I\000t\000e\000m\000\040\000S\000t\000r\000u\000c\000t\000\040\000R\000e\000f\000e\000r\000e\000n\000c\000e}{chapter.3}% 75
\BOOKMARK [2][-]{subsection.3.18.1}{\376\377\0003\000.\0001\0008\000.\0001\000\040\000D\000e\000t\000a\000i\000l\000e\000d\000\040\000D\000e\000s\000c\000r\000i\000p\000t\000i\000o\000n}{section.3.18}% 76
\BOOKMARK [1][-]{section.3.19}{\376\377\0003\000.\0001\0009\000\040\000a\000t\000h\000e\000n\000a\000:\000:\000c\000o\000r\000e\000:\000:\000k\000e\000r\000n\000e\000l\000s\000:\000:\000S\000c\000a\000l\000e\000O\000p\000K\000e\000r\000n\000e\000l\000\040\000C\000l\000a\000s\000s\000\040\000R\000e\000f\000e\000r\000e\000n\000c\000e}{chapter.3}% 77
\BOOKMARK [2][-]{subsection.3.19.1}{\376\377\0003\000.\0001\0009\000.\0001\000\040\000M\000e\000m\000b\000e\000r\000\040\000F\000u\000n\000c\000t\000i\000o\000n\000\040\000D\000o\000c\000u\000m\000e\000n\000t\000a\000t\000i\000o\000n}{section.3.19}% 78
\BOOKMARK [3][-]{subsubsection.3.19.1.1}{\376\377\0003\000.\0001\0009\000.\0001\000.\0001\000\040\000g\000e\000t\000D\000e\000r\000i\000v\000a\000t\000i\000v\000e\000B\000y\000t\000e\000c\000o\000d\000e\000\050\000\051}{subsection.3.19.1}% 79
\BOOKMARK [3][-]{subsubsection.3.19.1.2}{\376\377\0003\000.\0001\0009\000.\0001\000.\0002\000\040\000g\000e\000t\000D\000e\000r\000i\000v\000a\000t\000i\000v\000e\000S\000h\000a\000p\000e\000\050\000\051}{subsection.3.19.1}% 80
\BOOKMARK [3][-]{subsubsection.3.19.1.3}{\376\377\0003\000.\0001\0009\000.\0001\000.\0003\000\040\000g\000e\000t\000O\000p\000e\000r\000a\000n\000d\000s\000C\000o\000u\000n\000t\000\050\000\051}{subsection.3.19.1}% 81
\BOOKMARK [3][-]{subsubsection.3.19.1.4}{\376\377\0003\000.\0001\0009\000.\0001\000.\0004\000\040\000g\000e\000t\000O\000u\000t\000p\000u\000t\000S\000h\000a\000p\000e\000\050\000\051}{subsection.3.19.1}% 82
\BOOKMARK [1][-]{section.3.20}{\376\377\0003\000.\0002\0000\000\040\000a\000t\000h\000e\000n\000a\000:\000:\000c\000o\000r\000e\000:\000:\000S\000e\000s\000s\000i\000o\000n\000\040\000C\000l\000a\000s\000s\000\040\000R\000e\000f\000e\000r\000e\000n\000c\000e}{chapter.3}% 83
\BOOKMARK [2][-]{subsection.3.20.1}{\376\377\0003\000.\0002\0000\000.\0001\000\040\000D\000e\000t\000a\000i\000l\000e\000d\000\040\000D\000e\000s\000c\000r\000i\000p\000t\000i\000o\000n}{section.3.20}% 84
\BOOKMARK [2][-]{subsection.3.20.2}{\376\377\0003\000.\0002\0000\000.\0002\000\040\000M\000e\000m\000b\000e\000r\000\040\000F\000u\000n\000c\000t\000i\000o\000n\000\040\000D\000o\000c\000u\000m\000e\000n\000t\000a\000t\000i\000o\000n}{section.3.20}% 85
\BOOKMARK [3][-]{subsubsection.3.20.2.1}{\376\377\0003\000.\0002\0000\000.\0002\000.\0001\000\040\000p\000r\000e\000p\000a\000r\000e\000\050\000\051}{subsection.3.20.2}% 86
\BOOKMARK [3][-]{subsubsection.3.20.2.2}{\376\377\0003\000.\0002\0000\000.\0002\000.\0002\000\040\000r\000u\000n\000\050\000\051}{subsection.3.20.2}% 87
\BOOKMARK [1][-]{section.3.21}{\376\377\0003\000.\0002\0001\000\040\000a\000t\000h\000e\000n\000a\000:\000:\000c\000o\000r\000e\000:\000:\000o\000p\000t\000i\000m\000i\000z\000e\000r\000s\000:\000:\000S\000G\000D\000O\000p\000t\000i\000m\000i\000z\000e\000r\000\040\000C\000l\000a\000s\000s\000\040\000R\000e\000f\000e\000r\000e\000n\000c\000e}{chapter.3}% 88
\BOOKMARK [1][-]{section.3.22}{\376\377\0003\000.\0002\0002\000\040\000a\000t\000h\000e\000n\000a\000:\000:\000c\000o\000r\000e\000:\000:\000k\000e\000r\000n\000e\000l\000s\000:\000:\000S\000i\000g\000m\000o\000i\000d\000O\000p\000K\000e\000r\000n\000e\000l\000\040\000C\000l\000a\000s\000s\000\040\000R\000e\000f\000e\000r\000e\000n\000c\000e}{chapter.3}% 89
\BOOKMARK [2][-]{subsection.3.22.1}{\376\377\0003\000.\0002\0002\000.\0001\000\040\000M\000e\000m\000b\000e\000r\000\040\000F\000u\000n\000c\000t\000i\000o\000n\000\040\000D\000o\000c\000u\000m\000e\000n\000t\000a\000t\000i\000o\000n}{section.3.22}% 90
\BOOKMARK [3][-]{subsubsection.3.22.1.1}{\376\377\0003\000.\0002\0002\000.\0001\000.\0001\000\040\000g\000e\000t\000D\000e\000r\000i\000v\000a\000t\000i\000v\000e\000B\000y\000t\000e\000c\000o\000d\000e\000\050\000\051}{subsection.3.22.1}% 91
\BOOKMARK [3][-]{subsubsection.3.22.1.2}{\376\377\0003\000.\0002\0002\000.\0001\000.\0002\000\040\000g\000e\000t\000D\000e\000r\000i\000v\000a\000t\000i\000v\000e\000S\000h\000a\000p\000e\000\050\000\051}{subsection.3.22.1}% 92
\BOOKMARK [3][-]{subsubsection.3.22.1.3}{\376\377\0003\000.\0002\0002\000.\0001\000.\0003\000\040\000g\000e\000t\000O\000p\000e\000r\000a\000n\000d\000s\000C\000o\000u\000n\000t\000\050\000\051}{subsection.3.22.1}% 93
\BOOKMARK [3][-]{subsubsection.3.22.1.4}{\376\377\0003\000.\0002\0002\000.\0001\000.\0004\000\040\000g\000e\000t\000O\000u\000t\000p\000u\000t\000S\000h\000a\000p\000e\000\050\000\051}{subsection.3.22.1}% 94
\BOOKMARK [1][-]{section.3.23}{\376\377\0003\000.\0002\0003\000\040\000a\000t\000h\000e\000n\000a\000:\000:\000b\000a\000c\000k\000e\000n\000d\000:\000:\000g\000e\000n\000e\000r\000i\000c\000:\000:\000S\000w\000a\000p\000R\000e\000c\000o\000r\000d\000\040\000S\000t\000r\000u\000c\000t\000\040\000R\000e\000f\000e\000r\000e\000n\000c\000e}{chapter.3}% 95
\BOOKMARK [2][-]{subsection.3.23.1}{\376\377\0003\000.\0002\0003\000.\0001\000\040\000D\000e\000t\000a\000i\000l\000e\000d\000\040\000D\000e\000s\000c\000r\000i\000p\000t\000i\000o\000n}{section.3.23}% 96
\BOOKMARK [1][-]{section.3.24}{\376\377\0003\000.\0002\0004\000\040\000a\000t\000h\000e\000n\000a\000:\000:\000c\000o\000r\000e\000:\000:\000T\000e\000n\000s\000o\000r\000\040\000C\000l\000a\000s\000s\000\040\000R\000e\000f\000e\000r\000e\000n\000c\000e}{chapter.3}% 97
\BOOKMARK [2][-]{subsection.3.24.1}{\376\377\0003\000.\0002\0004\000.\0001\000\040\000D\000e\000t\000a\000i\000l\000e\000d\000\040\000D\000e\000s\000c\000r\000i\000p\000t\000i\000o\000n}{section.3.24}% 98
\BOOKMARK [1][-]{section.3.25}{\376\377\0003\000.\0002\0005\000\040\000a\000t\000h\000e\000n\000a\000:\000:\000c\000o\000r\000e\000:\000:\000T\000e\000n\000s\000o\000r\000S\000h\000a\000p\000e\000\040\000C\000l\000a\000s\000s\000\040\000R\000e\000f\000e\000r\000e\000n\000c\000e}{chapter.3}% 99
\BOOKMARK [1][-]{section.3.26}{\376\377\0003\000.\0002\0006\000\040\000a\000t\000h\000e\000n\000a\000:\000:\000b\000a\000c\000k\000e\000n\000d\000:\000:\000V\000i\000r\000t\000u\000a\000l\000M\000e\000m\000o\000r\000y\000\040\000C\000l\000a\000s\000s\000\040\000R\000e\000f\000e\000r\000e\000n\000c\000e}{chapter.3}% 100
\BOOKMARK [2][-]{subsection.3.26.1}{\376\377\0003\000.\0002\0006\000.\0001\000\040\000D\000e\000t\000a\000i\000l\000e\000d\000\040\000D\000e\000s\000c\000r\000i\000p\000t\000i\000o\000n}{section.3.26}% 101
\BOOKMARK [2][-]{subsection.3.26.2}{\376\377\0003\000.\0002\0006\000.\0002\000\040\000M\000e\000m\000b\000e\000r\000\040\000F\000u\000n\000c\000t\000i\000o\000n\000\040\000D\000o\000c\000u\000m\000e\000n\000t\000a\000t\000i\000o\000n}{section.3.26}% 102
\BOOKMARK [3][-]{subsubsection.3.26.2.1}{\376\377\0003\000.\0002\0006\000.\0002\000.\0001\000\040\000a\000l\000l\000o\000c\000a\000t\000e\000\050\000\051}{subsection.3.26.2}% 103
\BOOKMARK [3][-]{subsubsection.3.26.2.2}{\376\377\0003\000.\0002\0006\000.\0002\000.\0002\000\040\000f\000r\000e\000e\000\050\000\051\000\040\000[\0001\000/\0002\000]}{subsection.3.26.2}% 104
\BOOKMARK [3][-]{subsubsection.3.26.2.3}{\376\377\0003\000.\0002\0006\000.\0002\000.\0003\000\040\000f\000r\000e\000e\000\050\000\051\000\040\000[\0002\000/\0002\000]}{subsection.3.26.2}% 105
\BOOKMARK [1][-]{section.3.27}{\376\377\0003\000.\0002\0007\000\040\000a\000t\000h\000e\000n\000a\000:\000:\000b\000a\000c\000k\000e\000n\000d\000:\000:\000V\000M\000e\000m\000o\000r\000y\000B\000l\000o\000c\000k\000\040\000S\000t\000r\000u\000c\000t\000\040\000R\000e\000f\000e\000r\000e\000n\000c\000e}{chapter.3}% 106
\BOOKMARK [0][-]{section*.67}{\376\377\000I\000n\000d\000e\000x}{}% 107
