\BOOKMARK [0][-]{chapter.1}{\376\377\0001\000\040\000H\000i\000e\000r\000a\000r\000c\000h\000i\000c\000a\000l\000\040\000I\000n\000d\000e\000x}{}% 1
\BOOKMARK [1][-]{section.1.1}{\376\377\0001\000.\0001\000\040\000C\000l\000a\000s\000s\000\040\000H\000i\000e\000r\000a\000r\000c\000h\000y}{chapter.1}% 2
\BOOKMARK [0][-]{chapter.2}{\376\377\0002\000\040\000C\000l\000a\000s\000s\000\040\000I\000n\000d\000e\000x}{}% 3
\BOOKMARK [1][-]{section.2.1}{\376\377\0002\000.\0001\000\040\000C\000l\000a\000s\000s\000\040\000L\000i\000s\000t}{chapter.2}% 4
\BOOKMARK [0][-]{chapter.3}{\376\377\0003\000\040\000F\000i\000l\000e\000\040\000I\000n\000d\000e\000x}{}% 5
\BOOKMARK [1][-]{section.3.1}{\376\377\0003\000.\0001\000\040\000F\000i\000l\000e\000\040\000L\000i\000s\000t}{chapter.3}% 6
\BOOKMARK [0][-]{chapter.4}{\376\377\0004\000\040\000C\000l\000a\000s\000s\000\040\000D\000o\000c\000u\000m\000e\000n\000t\000a\000t\000i\000o\000n}{}% 7
\BOOKMARK [1][-]{section.4.1}{\376\377\0004\000.\0001\000\040\000a\000t\000h\000e\000n\000a\000:\000:\000b\000a\000c\000k\000e\000n\000d\000:\000:\000A\000b\000s\000t\000r\000a\000c\000t\000D\000e\000v\000i\000c\000e\000\040\000C\000l\000a\000s\000s\000\040\000R\000e\000f\000e\000r\000e\000n\000c\000e}{chapter.4}% 8
\BOOKMARK [2][-]{subsection.4.1.1}{\376\377\0004\000.\0001\000.\0001\000\040\000D\000e\000t\000a\000i\000l\000e\000d\000\040\000D\000e\000s\000c\000r\000i\000p\000t\000i\000o\000n}{section.4.1}% 9
\BOOKMARK [1][-]{section.4.2}{\376\377\0004\000.\0002\000\040\000a\000t\000h\000e\000n\000a\000:\000:\000b\000a\000c\000k\000e\000n\000d\000:\000:\000A\000b\000s\000t\000r\000a\000c\000t\000E\000x\000e\000c\000u\000t\000o\000r\000\040\000C\000l\000a\000s\000s\000\040\000R\000e\000f\000e\000r\000e\000n\000c\000e}{chapter.4}% 10
\BOOKMARK [2][-]{subsection.4.2.1}{\376\377\0004\000.\0002\000.\0001\000\040\000D\000e\000t\000a\000i\000l\000e\000d\000\040\000D\000e\000s\000c\000r\000i\000p\000t\000i\000o\000n}{section.4.2}% 11
\BOOKMARK [2][-]{subsection.4.2.2}{\376\377\0004\000.\0002\000.\0002\000\040\000M\000e\000m\000b\000e\000r\000\040\000F\000u\000n\000c\000t\000i\000o\000n\000\040\000D\000o\000c\000u\000m\000e\000n\000t\000a\000t\000i\000o\000n}{section.4.2}% 12
\BOOKMARK [3][-]{subsubsection.4.2.2.1}{\376\377\0004\000.\0002\000.\0002\000.\0001\000\040\000e\000x\000e\000c\000u\000t\000e\000\050\000\051}{subsection.4.2.2}% 13
\BOOKMARK [3][-]{subsubsection.4.2.2.2}{\376\377\0004\000.\0002\000.\0002\000.\0002\000\040\000g\000e\000t\000M\000e\000m\000o\000r\000y\000M\000a\000n\000a\000g\000e\000r\000\050\000\051}{subsection.4.2.2}% 14
\BOOKMARK [3][-]{subsubsection.4.2.2.3}{\376\377\0004\000.\0002\000.\0002\000.\0003\000\040\000s\000e\000t\000B\000y\000t\000e\000c\000o\000d\000e\000\050\000\051}{subsection.4.2.2}% 15
\BOOKMARK [1][-]{section.4.3}{\376\377\0004\000.\0003\000\040\000a\000t\000h\000e\000n\000a\000:\000:\000c\000o\000r\000e\000:\000:\000i\000n\000i\000t\000i\000a\000l\000i\000z\000e\000r\000s\000:\000:\000A\000b\000s\000t\000r\000a\000c\000t\000I\000n\000i\000t\000i\000a\000l\000i\000z\000e\000r\000\040\000C\000l\000a\000s\000s\000\040\000R\000e\000f\000e\000r\000e\000n\000c\000e}{chapter.4}% 16
\BOOKMARK [2][-]{subsection.4.3.1}{\376\377\0004\000.\0003\000.\0001\000\040\000D\000e\000t\000a\000i\000l\000e\000d\000\040\000D\000e\000s\000c\000r\000i\000p\000t\000i\000o\000n}{section.4.3}% 17
\BOOKMARK [2][-]{subsection.4.3.2}{\376\377\0004\000.\0003\000.\0002\000\040\000M\000e\000m\000b\000e\000r\000\040\000F\000u\000n\000c\000t\000i\000o\000n\000\040\000D\000o\000c\000u\000m\000e\000n\000t\000a\000t\000i\000o\000n}{section.4.3}% 18
\BOOKMARK [3][-]{subsubsection.4.3.2.1}{\376\377\0004\000.\0003\000.\0002\000.\0001\000\040\000i\000n\000i\000t\000i\000a\000l\000i\000z\000e\000\050\000\051}{subsection.4.3.2}% 19
\BOOKMARK [1][-]{section.4.4}{\376\377\0004\000.\0004\000\040\000a\000t\000h\000e\000n\000a\000:\000:\000c\000o\000r\000e\000:\000:\000l\000o\000s\000s\000:\000:\000A\000b\000s\000t\000r\000a\000c\000t\000L\000o\000s\000s\000F\000u\000n\000c\000t\000i\000o\000n\000\040\000C\000l\000a\000s\000s\000\040\000R\000e\000f\000e\000r\000e\000n\000c\000e}{chapter.4}% 20
\BOOKMARK [2][-]{subsection.4.4.1}{\376\377\0004\000.\0004\000.\0001\000\040\000D\000e\000t\000a\000i\000l\000e\000d\000\040\000D\000e\000s\000c\000r\000i\000p\000t\000i\000o\000n}{section.4.4}% 21
\BOOKMARK [1][-]{section.4.5}{\376\377\0004\000.\0005\000\040\000a\000t\000h\000e\000n\000a\000:\000:\000b\000a\000c\000k\000e\000n\000d\000:\000:\000A\000b\000s\000t\000r\000a\000c\000t\000M\000e\000m\000o\000r\000y\000M\000a\000n\000a\000g\000e\000r\000\040\000C\000l\000a\000s\000s\000\040\000R\000e\000f\000e\000r\000e\000n\000c\000e}{chapter.4}% 22
\BOOKMARK [2][-]{subsection.4.5.1}{\376\377\0004\000.\0005\000.\0001\000\040\000D\000e\000t\000a\000i\000l\000e\000d\000\040\000D\000e\000s\000c\000r\000i\000p\000t\000i\000o\000n}{section.4.5}% 23
\BOOKMARK [2][-]{subsection.4.5.2}{\376\377\0004\000.\0005\000.\0002\000\040\000M\000e\000m\000b\000e\000r\000\040\000F\000u\000n\000c\000t\000i\000o\000n\000\040\000D\000o\000c\000u\000m\000e\000n\000t\000a\000t\000i\000o\000n}{section.4.5}% 24
\BOOKMARK [3][-]{subsubsection.4.5.2.1}{\376\377\0004\000.\0005\000.\0002\000.\0001\000\040\000a\000d\000d\000T\000e\000n\000s\000o\000r\000\050\000\051}{subsection.4.5.2}% 25
\BOOKMARK [3][-]{subsubsection.4.5.2.2}{\376\377\0004\000.\0005\000.\0002\000.\0002\000\040\000a\000l\000l\000o\000c\000a\000t\000e\000A\000n\000d\000L\000o\000c\000k\000\050\000\051\000\040\000[\0001\000/\0003\000]}{subsection.4.5.2}% 26
\BOOKMARK [3][-]{subsubsection.4.5.2.3}{\376\377\0004\000.\0005\000.\0002\000.\0003\000\040\000a\000l\000l\000o\000c\000a\000t\000e\000A\000n\000d\000L\000o\000c\000k\000\050\000\051\000\040\000[\0002\000/\0003\000]}{subsection.4.5.2}% 27
\BOOKMARK [3][-]{subsubsection.4.5.2.4}{\376\377\0004\000.\0005\000.\0002\000.\0004\000\040\000a\000l\000l\000o\000c\000a\000t\000e\000A\000n\000d\000L\000o\000c\000k\000\050\000\051\000\040\000[\0003\000/\0003\000]}{subsection.4.5.2}% 28
\BOOKMARK [3][-]{subsubsection.4.5.2.5}{\376\377\0004\000.\0005\000.\0002\000.\0005\000\040\000d\000e\000l\000e\000t\000e\000F\000r\000o\000m\000M\000e\000m\000\050\000\051}{subsection.4.5.2}% 29
\BOOKMARK [3][-]{subsubsection.4.5.2.6}{\376\377\0004\000.\0005\000.\0002\000.\0006\000\040\000g\000e\000t\000P\000h\000y\000s\000i\000c\000a\000l\000A\000d\000d\000r\000e\000s\000s\000\050\000\051}{subsection.4.5.2}% 30
\BOOKMARK [3][-]{subsubsection.4.5.2.7}{\376\377\0004\000.\0005\000.\0002\000.\0007\000\040\000l\000o\000a\000d\000A\000n\000d\000L\000o\000c\000k\000\050\000\051\000\040\000[\0001\000/\0003\000]}{subsection.4.5.2}% 31
\BOOKMARK [3][-]{subsubsection.4.5.2.8}{\376\377\0004\000.\0005\000.\0002\000.\0008\000\040\000l\000o\000a\000d\000A\000n\000d\000L\000o\000c\000k\000\050\000\051\000\040\000[\0002\000/\0003\000]}{subsection.4.5.2}% 32
\BOOKMARK [3][-]{subsubsection.4.5.2.9}{\376\377\0004\000.\0005\000.\0002\000.\0009\000\040\000l\000o\000a\000d\000A\000n\000d\000L\000o\000c\000k\000\050\000\051\000\040\000[\0003\000/\0003\000]}{subsection.4.5.2}% 33
\BOOKMARK [3][-]{subsubsection.4.5.2.10}{\376\377\0004\000.\0005\000.\0002\000.\0001\0000\000\040\000r\000e\000s\000e\000t\000T\000a\000b\000l\000e\000\050\000\051}{subsection.4.5.2}% 34
\BOOKMARK [3][-]{subsubsection.4.5.2.11}{\376\377\0004\000.\0005\000.\0002\000.\0001\0001\000\040\000s\000e\000t\000D\000a\000t\000a\000\050\000\051}{subsection.4.5.2}% 35
\BOOKMARK [3][-]{subsubsection.4.5.2.12}{\376\377\0004\000.\0005\000.\0002\000.\0001\0002\000\040\000u\000n\000l\000o\000c\000k\000\050\000\051}{subsection.4.5.2}% 36
\BOOKMARK [1][-]{section.4.6}{\376\377\0004\000.\0006\000\040\000a\000t\000h\000e\000n\000a\000:\000:\000c\000o\000r\000e\000:\000:\000o\000p\000t\000i\000m\000i\000z\000e\000r\000s\000:\000:\000A\000b\000s\000t\000r\000a\000c\000t\000O\000p\000t\000i\000m\000i\000z\000e\000r\000\040\000C\000l\000a\000s\000s\000\040\000R\000e\000f\000e\000r\000e\000n\000c\000e}{chapter.4}% 37
\BOOKMARK [2][-]{subsection.4.6.1}{\376\377\0004\000.\0006\000.\0001\000\040\000D\000e\000t\000a\000i\000l\000e\000d\000\040\000D\000e\000s\000c\000r\000i\000p\000t\000i\000o\000n}{section.4.6}% 38
\BOOKMARK [1][-]{section.4.7}{\376\377\0004\000.\0007\000\040\000a\000t\000h\000e\000n\000a\000:\000:\000c\000o\000r\000e\000:\000:\000k\000e\000r\000n\000e\000l\000s\000:\000:\000A\000d\000d\000O\000p\000K\000e\000r\000n\000e\000l\000\040\000C\000l\000a\000s\000s\000\040\000R\000e\000f\000e\000r\000e\000n\000c\000e}{chapter.4}% 39
\BOOKMARK [2][-]{subsection.4.7.1}{\376\377\0004\000.\0007\000.\0001\000\040\000D\000e\000t\000a\000i\000l\000e\000d\000\040\000D\000e\000s\000c\000r\000i\000p\000t\000i\000o\000n}{section.4.7}% 40
\BOOKMARK [2][-]{subsection.4.7.2}{\376\377\0004\000.\0007\000.\0002\000\040\000M\000e\000m\000b\000e\000r\000\040\000F\000u\000n\000c\000t\000i\000o\000n\000\040\000D\000o\000c\000u\000m\000e\000n\000t\000a\000t\000i\000o\000n}{section.4.7}% 41
\BOOKMARK [3][-]{subsubsection.4.7.2.1}{\376\377\0004\000.\0007\000.\0002\000.\0001\000\040\000g\000e\000t\000D\000e\000r\000i\000v\000a\000t\000i\000v\000e\000B\000y\000t\000e\000c\000o\000d\000e\000\050\000\051}{subsection.4.7.2}% 42
\BOOKMARK [3][-]{subsubsection.4.7.2.2}{\376\377\0004\000.\0007\000.\0002\000.\0002\000\040\000g\000e\000t\000D\000e\000r\000i\000v\000a\000t\000i\000v\000e\000S\000h\000a\000p\000e\000\050\000\051}{subsection.4.7.2}% 43
\BOOKMARK [3][-]{subsubsection.4.7.2.3}{\376\377\0004\000.\0007\000.\0002\000.\0003\000\040\000g\000e\000t\000O\000p\000e\000r\000a\000n\000d\000s\000C\000o\000u\000n\000t\000\050\000\051}{subsection.4.7.2}% 44
\BOOKMARK [3][-]{subsubsection.4.7.2.4}{\376\377\0004\000.\0007\000.\0002\000.\0004\000\040\000g\000e\000t\000O\000u\000t\000p\000u\000t\000S\000h\000a\000p\000e\000\050\000\051}{subsection.4.7.2}% 45
\BOOKMARK [1][-]{section.4.8}{\376\377\0004\000.\0008\000\040\000B\000a\000s\000i\000c\000O\000p\000C\000o\000d\000e\000P\000a\000r\000a\000m\000s\000\040\000S\000t\000r\000u\000c\000t\000\040\000R\000e\000f\000e\000r\000e\000n\000c\000e}{chapter.4}% 46
\BOOKMARK [2][-]{subsection.4.8.1}{\376\377\0004\000.\0008\000.\0001\000\040\000D\000e\000t\000a\000i\000l\000e\000d\000\040\000D\000e\000s\000c\000r\000i\000p\000t\000i\000o\000n}{section.4.8}% 47
\BOOKMARK [1][-]{section.4.9}{\376\377\0004\000.\0009\000\040\000a\000t\000h\000e\000n\000a\000:\000:\000b\000a\000c\000k\000e\000n\000d\000:\000:\000g\000e\000n\000e\000r\000i\000c\000:\000:\000C\000P\000U\000D\000e\000v\000i\000c\000e\000\040\000C\000l\000a\000s\000s\000\040\000R\000e\000f\000e\000r\000e\000n\000c\000e}{chapter.4}% 48
\BOOKMARK [2][-]{subsection.4.9.1}{\376\377\0004\000.\0009\000.\0001\000\040\000D\000e\000t\000a\000i\000l\000e\000d\000\040\000D\000e\000s\000c\000r\000i\000p\000t\000i\000o\000n}{section.4.9}% 49
\BOOKMARK [1][-]{section.4.10}{\376\377\0004\000.\0001\0000\000\040\000a\000t\000h\000e\000n\000a\000:\000:\000c\000o\000r\000e\000:\000:\000i\000n\000i\000t\000i\000a\000l\000i\000z\000e\000r\000s\000:\000:\000D\000a\000t\000a\000I\000n\000i\000t\000i\000a\000l\000i\000z\000e\000r\000\040\000C\000l\000a\000s\000s\000\040\000R\000e\000f\000e\000r\000e\000n\000c\000e}{chapter.4}% 50
\BOOKMARK [2][-]{subsection.4.10.1}{\376\377\0004\000.\0001\0000\000.\0001\000\040\000D\000e\000t\000a\000i\000l\000e\000d\000\040\000D\000e\000s\000c\000r\000i\000p\000t\000i\000o\000n}{section.4.10}% 51
\BOOKMARK [2][-]{subsection.4.10.2}{\376\377\0004\000.\0001\0000\000.\0002\000\040\000M\000e\000m\000b\000e\000r\000\040\000F\000u\000n\000c\000t\000i\000o\000n\000\040\000D\000o\000c\000u\000m\000e\000n\000t\000a\000t\000i\000o\000n}{section.4.10}% 52
\BOOKMARK [3][-]{subsubsection.4.10.2.1}{\376\377\0004\000.\0001\0000\000.\0002\000.\0001\000\040\000i\000n\000i\000t\000i\000a\000l\000i\000z\000e\000\050\000\051}{subsection.4.10.2}% 53
\BOOKMARK [1][-]{section.4.11}{\376\377\0004\000.\0001\0001\000\040\000a\000t\000h\000e\000n\000a\000:\000:\000b\000a\000c\000k\000e\000n\000d\000:\000:\000g\000e\000n\000e\000r\000i\000c\000:\000:\000G\000e\000n\000e\000r\000i\000c\000E\000x\000e\000c\000u\000t\000o\000r\000\040\000C\000l\000a\000s\000s\000\040\000R\000e\000f\000e\000r\000e\000n\000c\000e}{chapter.4}% 54
\BOOKMARK [2][-]{subsection.4.11.1}{\376\377\0004\000.\0001\0001\000.\0001\000\040\000D\000e\000t\000a\000i\000l\000e\000d\000\040\000D\000e\000s\000c\000r\000i\000p\000t\000i\000o\000n}{section.4.11}% 55
\BOOKMARK [2][-]{subsection.4.11.2}{\376\377\0004\000.\0001\0001\000.\0002\000\040\000M\000e\000m\000b\000e\000r\000\040\000F\000u\000n\000c\000t\000i\000o\000n\000\040\000D\000o\000c\000u\000m\000e\000n\000t\000a\000t\000i\000o\000n}{section.4.11}% 56
\BOOKMARK [3][-]{subsubsection.4.11.2.1}{\376\377\0004\000.\0001\0001\000.\0002\000.\0001\000\040\000e\000x\000e\000c\000u\000t\000e\000\050\000\051}{subsection.4.11.2}% 57
\BOOKMARK [3][-]{subsubsection.4.11.2.2}{\376\377\0004\000.\0001\0001\000.\0002\000.\0002\000\040\000g\000e\000t\000M\000e\000m\000o\000r\000y\000M\000a\000n\000a\000g\000e\000r\000\050\000\051}{subsection.4.11.2}% 58
\BOOKMARK [1][-]{section.4.12}{\376\377\0004\000.\0001\0002\000\040\000a\000t\000h\000e\000n\000a\000:\000:\000b\000a\000c\000k\000e\000n\000d\000:\000:\000g\000e\000n\000e\000r\000i\000c\000:\000:\000G\000e\000n\000e\000r\000i\000c\000M\000e\000m\000o\000r\000y\000M\000a\000n\000a\000g\000e\000r\000\040\000C\000l\000a\000s\000s\000\040\000R\000e\000f\000e\000r\000e\000n\000c\000e}{chapter.4}% 59
\BOOKMARK [2][-]{subsection.4.12.1}{\376\377\0004\000.\0001\0002\000.\0001\000\040\000D\000e\000t\000a\000i\000l\000e\000d\000\040\000D\000e\000s\000c\000r\000i\000p\000t\000i\000o\000n}{section.4.12}% 60
\BOOKMARK [2][-]{subsection.4.12.2}{\376\377\0004\000.\0001\0002\000.\0002\000\040\000M\000e\000m\000b\000e\000r\000\040\000F\000u\000n\000c\000t\000i\000o\000n\000\040\000D\000o\000c\000u\000m\000e\000n\000t\000a\000t\000i\000o\000n}{section.4.12}% 61
\BOOKMARK [3][-]{subsubsection.4.12.2.1}{\376\377\0004\000.\0001\0002\000.\0002\000.\0001\000\040\000a\000l\000l\000o\000c\000a\000t\000e\000A\000n\000d\000L\000o\000c\000k\000\050\000\051\000\040\000[\0001\000/\0004\000]}{subsection.4.12.2}% 62
\BOOKMARK [3][-]{subsubsection.4.12.2.2}{\376\377\0004\000.\0001\0002\000.\0002\000.\0002\000\040\000a\000l\000l\000o\000c\000a\000t\000e\000A\000n\000d\000L\000o\000c\000k\000\050\000\051\000\040\000[\0002\000/\0004\000]}{subsection.4.12.2}% 63
\BOOKMARK [3][-]{subsubsection.4.12.2.3}{\376\377\0004\000.\0001\0002\000.\0002\000.\0003\000\040\000a\000l\000l\000o\000c\000a\000t\000e\000A\000n\000d\000L\000o\000c\000k\000\050\000\051\000\040\000[\0003\000/\0004\000]}{subsection.4.12.2}% 64
\BOOKMARK [3][-]{subsubsection.4.12.2.4}{\376\377\0004\000.\0001\0002\000.\0002\000.\0004\000\040\000a\000l\000l\000o\000c\000a\000t\000e\000A\000n\000d\000L\000o\000c\000k\000\050\000\051\000\040\000[\0004\000/\0004\000]}{subsection.4.12.2}% 65
\BOOKMARK [3][-]{subsubsection.4.12.2.5}{\376\377\0004\000.\0001\0002\000.\0002\000.\0005\000\040\000a\000l\000l\000o\000c\000a\000t\000i\000o\000n\000T\000h\000r\000e\000a\000d\000F\000u\000n\000c\000\050\000\051}{subsection.4.12.2}% 66
\BOOKMARK [3][-]{subsubsection.4.12.2.6}{\376\377\0004\000.\0001\0002\000.\0002\000.\0006\000\040\000d\000e\000i\000n\000i\000t\000\050\000\051}{subsection.4.12.2}% 67
\BOOKMARK [3][-]{subsubsection.4.12.2.7}{\376\377\0004\000.\0001\0002\000.\0002\000.\0007\000\040\000d\000e\000l\000e\000t\000e\000F\000r\000o\000m\000M\000e\000m\000\050\000\051}{subsection.4.12.2}% 68
\BOOKMARK [3][-]{subsubsection.4.12.2.8}{\376\377\0004\000.\0001\0002\000.\0002\000.\0008\000\040\000g\000e\000t\000P\000h\000y\000s\000i\000c\000a\000l\000A\000d\000d\000r\000e\000s\000s\000\050\000\051}{subsection.4.12.2}% 69
\BOOKMARK [3][-]{subsubsection.4.12.2.9}{\376\377\0004\000.\0001\0002\000.\0002\000.\0009\000\040\000i\000n\000i\000t\000\050\000\051}{subsection.4.12.2}% 70
\BOOKMARK [3][-]{subsubsection.4.12.2.10}{\376\377\0004\000.\0001\0002\000.\0002\000.\0001\0000\000\040\000l\000o\000a\000d\000A\000n\000d\000L\000o\000c\000k\000\050\000\051\000\040\000[\0001\000/\0004\000]}{subsection.4.12.2}% 71
\BOOKMARK [3][-]{subsubsection.4.12.2.11}{\376\377\0004\000.\0001\0002\000.\0002\000.\0001\0001\000\040\000l\000o\000a\000d\000A\000n\000d\000L\000o\000c\000k\000\050\000\051\000\040\000[\0002\000/\0004\000]}{subsection.4.12.2}% 72
\BOOKMARK [3][-]{subsubsection.4.12.2.12}{\376\377\0004\000.\0001\0002\000.\0002\000.\0001\0002\000\040\000l\000o\000a\000d\000A\000n\000d\000L\000o\000c\000k\000\050\000\051\000\040\000[\0003\000/\0004\000]}{subsection.4.12.2}% 73
\BOOKMARK [3][-]{subsubsection.4.12.2.13}{\376\377\0004\000.\0001\0002\000.\0002\000.\0001\0003\000\040\000l\000o\000a\000d\000A\000n\000d\000L\000o\000c\000k\000\050\000\051\000\040\000[\0004\000/\0004\000]}{subsection.4.12.2}% 74
\BOOKMARK [3][-]{subsubsection.4.12.2.14}{\376\377\0004\000.\0001\0002\000.\0002\000.\0001\0004\000\040\000p\000r\000o\000c\000e\000s\000s\000Q\000u\000e\000u\000e\000I\000t\000e\000m\000\050\000\051}{subsection.4.12.2}% 75
\BOOKMARK [3][-]{subsubsection.4.12.2.15}{\376\377\0004\000.\0001\0002\000.\0002\000.\0001\0005\000\040\000s\000e\000t\000D\000a\000t\000a\000\050\000\051}{subsection.4.12.2}% 76
\BOOKMARK [3][-]{subsubsection.4.12.2.16}{\376\377\0004\000.\0001\0002\000.\0002\000.\0001\0006\000\040\000u\000n\000l\000o\000c\000k\000\050\000\051}{subsection.4.12.2}% 77
\BOOKMARK [1][-]{section.4.13}{\376\377\0004\000.\0001\0003\000\040\000a\000t\000h\000e\000n\000a\000:\000:\000c\000o\000r\000e\000:\000:\000o\000p\000t\000i\000m\000i\000z\000e\000r\000s\000:\000:\000G\000r\000a\000d\000i\000e\000n\000t\000D\000e\000s\000c\000e\000n\000t\000\040\000C\000l\000a\000s\000s\000\040\000R\000e\000f\000e\000r\000e\000n\000c\000e}{chapter.4}% 78
\BOOKMARK [2][-]{subsection.4.13.1}{\376\377\0004\000.\0001\0003\000.\0001\000\040\000D\000e\000t\000a\000i\000l\000e\000d\000\040\000D\000e\000s\000c\000r\000i\000p\000t\000i\000o\000n}{section.4.13}% 79
\BOOKMARK [2][-]{subsection.4.13.2}{\376\377\0004\000.\0001\0003\000.\0002\000\040\000M\000e\000m\000b\000e\000r\000\040\000F\000u\000n\000c\000t\000i\000o\000n\000\040\000D\000o\000c\000u\000m\000e\000n\000t\000a\000t\000i\000o\000n}{section.4.13}% 80
\BOOKMARK [3][-]{subsubsection.4.13.2.1}{\376\377\0004\000.\0001\0003\000.\0002\000.\0001\000\040\000p\000r\000e\000p\000a\000r\000e\000\050\000\051}{subsection.4.13.2}% 81
\BOOKMARK [1][-]{section.4.14}{\376\377\0004\000.\0001\0004\000\040\000a\000t\000h\000e\000n\000a\000:\000:\000c\000o\000r\000e\000:\000:\000I\000n\000p\000u\000t\000N\000o\000d\000e\000\040\000C\000l\000a\000s\000s\000\040\000R\000e\000f\000e\000r\000e\000n\000c\000e}{chapter.4}% 82
\BOOKMARK [2][-]{subsection.4.14.1}{\376\377\0004\000.\0001\0004\000.\0001\000\040\000D\000e\000t\000a\000i\000l\000e\000d\000\040\000D\000e\000s\000c\000r\000i\000p\000t\000i\000o\000n}{section.4.14}% 83
\BOOKMARK [2][-]{subsection.4.14.2}{\376\377\0004\000.\0001\0004\000.\0002\000\040\000M\000e\000m\000b\000e\000r\000\040\000F\000u\000n\000c\000t\000i\000o\000n\000\040\000D\000o\000c\000u\000m\000e\000n\000t\000a\000t\000i\000o\000n}{section.4.14}% 84
\BOOKMARK [3][-]{subsubsection.4.14.2.1}{\376\377\0004\000.\0001\0004\000.\0002\000.\0001\000\040\000a\000f\000t\000e\000r\000\050\000\051}{subsection.4.14.2}% 85
\BOOKMARK [3][-]{subsubsection.4.14.2.2}{\376\377\0004\000.\0001\0004\000.\0002\000.\0002\000\040\000g\000e\000t\000D\000a\000t\000a\000\050\000\051}{subsection.4.14.2}% 86
\BOOKMARK [3][-]{subsubsection.4.14.2.3}{\376\377\0004\000.\0001\0004\000.\0002\000.\0003\000\040\000g\000e\000t\000M\000a\000p\000p\000e\000d\000M\000e\000m\000C\000e\000l\000l\000\050\000\051}{subsection.4.14.2}% 87
\BOOKMARK [3][-]{subsubsection.4.14.2.4}{\376\377\0004\000.\0001\0004\000.\0002\000.\0004\000\040\000i\000s\000F\000r\000o\000z\000e\000n\000\050\000\051}{subsection.4.14.2}% 88
\BOOKMARK [3][-]{subsubsection.4.14.2.5}{\376\377\0004\000.\0001\0004\000.\0002\000.\0005\000\040\000i\000s\000I\000n\000p\000u\000t\000N\000o\000d\000e\000\050\000\051}{subsection.4.14.2}% 89
\BOOKMARK [3][-]{subsubsection.4.14.2.6}{\376\377\0004\000.\0001\0004\000.\0002\000.\0006\000\040\000s\000e\000t\000F\000r\000o\000z\000e\000n\000\050\000\051}{subsection.4.14.2}% 90
\BOOKMARK [3][-]{subsubsection.4.14.2.7}{\376\377\0004\000.\0001\0004\000.\0002\000.\0007\000\040\000s\000e\000t\000M\000a\000p\000p\000e\000d\000M\000e\000m\000C\000e\000l\000l\000\050\000\051}{subsection.4.14.2}% 91
\BOOKMARK [1][-]{section.4.15}{\376\377\0004\000.\0001\0005\000\040\000a\000t\000h\000e\000n\000a\000:\000:\000c\000o\000r\000e\000:\000:\000k\000e\000r\000n\000e\000l\000s\000:\000:\000M\000a\000t\000M\000u\000l\000O\000p\000K\000e\000r\000n\000e\000l\000\040\000C\000l\000a\000s\000s\000\040\000R\000e\000f\000e\000r\000e\000n\000c\000e}{chapter.4}% 92
\BOOKMARK [2][-]{subsection.4.15.1}{\376\377\0004\000.\0001\0005\000.\0001\000\040\000D\000e\000t\000a\000i\000l\000e\000d\000\040\000D\000e\000s\000c\000r\000i\000p\000t\000i\000o\000n}{section.4.15}% 93
\BOOKMARK [2][-]{subsection.4.15.2}{\376\377\0004\000.\0001\0005\000.\0002\000\040\000M\000e\000m\000b\000e\000r\000\040\000F\000u\000n\000c\000t\000i\000o\000n\000\040\000D\000o\000c\000u\000m\000e\000n\000t\000a\000t\000i\000o\000n}{section.4.15}% 94
\BOOKMARK [3][-]{subsubsection.4.15.2.1}{\376\377\0004\000.\0001\0005\000.\0002\000.\0001\000\040\000g\000e\000t\000D\000e\000r\000i\000v\000a\000t\000i\000v\000e\000B\000y\000t\000e\000c\000o\000d\000e\000\050\000\051}{subsection.4.15.2}% 95
\BOOKMARK [3][-]{subsubsection.4.15.2.2}{\376\377\0004\000.\0001\0005\000.\0002\000.\0002\000\040\000g\000e\000t\000D\000e\000r\000i\000v\000a\000t\000i\000v\000e\000S\000h\000a\000p\000e\000\050\000\051}{subsection.4.15.2}% 96
\BOOKMARK [3][-]{subsubsection.4.15.2.3}{\376\377\0004\000.\0001\0005\000.\0002\000.\0003\000\040\000g\000e\000t\000O\000p\000e\000r\000a\000n\000d\000s\000C\000o\000u\000n\000t\000\050\000\051}{subsection.4.15.2}% 97
\BOOKMARK [3][-]{subsubsection.4.15.2.4}{\376\377\0004\000.\0001\0005\000.\0002\000.\0004\000\040\000g\000e\000t\000O\000u\000t\000p\000u\000t\000S\000h\000a\000p\000e\000\050\000\051}{subsection.4.15.2}% 98
\BOOKMARK [1][-]{section.4.16}{\376\377\0004\000.\0001\0006\000\040\000a\000t\000h\000e\000n\000a\000:\000:\000b\000a\000c\000k\000e\000n\000d\000:\000:\000g\000e\000n\000e\000r\000i\000c\000:\000:\000M\000e\000m\000o\000r\000y\000C\000h\000u\000n\000k\000\040\000S\000t\000r\000u\000c\000t\000\040\000R\000e\000f\000e\000r\000e\000n\000c\000e}{chapter.4}% 99
\BOOKMARK [2][-]{subsection.4.16.1}{\376\377\0004\000.\0001\0006\000.\0001\000\040\000D\000e\000t\000a\000i\000l\000e\000d\000\040\000D\000e\000s\000c\000r\000i\000p\000t\000i\000o\000n}{section.4.16}% 100
\BOOKMARK [1][-]{section.4.17}{\376\377\0004\000.\0001\0007\000\040\000a\000t\000h\000e\000n\000a\000:\000:\000c\000o\000r\000e\000:\000:\000l\000o\000s\000s\000:\000:\000M\000S\000E\000L\000o\000s\000s\000\040\000C\000l\000a\000s\000s\000\040\000R\000e\000f\000e\000r\000e\000n\000c\000e}{chapter.4}% 101
\BOOKMARK [2][-]{subsection.4.17.1}{\376\377\0004\000.\0001\0007\000.\0001\000\040\000D\000e\000t\000a\000i\000l\000e\000d\000\040\000D\000e\000s\000c\000r\000i\000p\000t\000i\000o\000n}{section.4.17}% 102
\BOOKMARK [1][-]{section.4.18}{\376\377\0004\000.\0001\0008\000\040\000a\000t\000h\000e\000n\000a\000:\000:\000c\000o\000r\000e\000:\000:\000l\000o\000s\000s\000:\000:\000M\000S\000E\000O\000p\000K\000e\000r\000n\000e\000l\000\040\000C\000l\000a\000s\000s\000\040\000R\000e\000f\000e\000r\000e\000n\000c\000e}{chapter.4}% 103
\BOOKMARK [2][-]{subsection.4.18.1}{\376\377\0004\000.\0001\0008\000.\0001\000\040\000D\000e\000t\000a\000i\000l\000e\000d\000\040\000D\000e\000s\000c\000r\000i\000p\000t\000i\000o\000n}{section.4.18}% 104
\BOOKMARK [2][-]{subsection.4.18.2}{\376\377\0004\000.\0001\0008\000.\0002\000\040\000M\000e\000m\000b\000e\000r\000\040\000F\000u\000n\000c\000t\000i\000o\000n\000\040\000D\000o\000c\000u\000m\000e\000n\000t\000a\000t\000i\000o\000n}{section.4.18}% 105
\BOOKMARK [3][-]{subsubsection.4.18.2.1}{\376\377\0004\000.\0001\0008\000.\0002\000.\0001\000\040\000g\000e\000t\000D\000e\000r\000i\000v\000a\000t\000i\000v\000e\000B\000y\000t\000e\000c\000o\000d\000e\000\050\000\051}{subsection.4.18.2}% 106
\BOOKMARK [3][-]{subsubsection.4.18.2.2}{\376\377\0004\000.\0001\0008\000.\0002\000.\0002\000\040\000g\000e\000t\000D\000e\000r\000i\000v\000a\000t\000i\000v\000e\000S\000h\000a\000p\000e\000\050\000\051}{subsection.4.18.2}% 107
\BOOKMARK [3][-]{subsubsection.4.18.2.3}{\376\377\0004\000.\0001\0008\000.\0002\000.\0003\000\040\000g\000e\000t\000O\000p\000e\000r\000a\000n\000d\000s\000C\000o\000u\000n\000t\000\050\000\051}{subsection.4.18.2}% 108
\BOOKMARK [3][-]{subsubsection.4.18.2.4}{\376\377\0004\000.\0001\0008\000.\0002\000.\0004\000\040\000g\000e\000t\000O\000u\000t\000p\000u\000t\000S\000h\000a\000p\000e\000\050\000\051}{subsection.4.18.2}% 109
\BOOKMARK [1][-]{section.4.19}{\376\377\0004\000.\0001\0009\000\040\000a\000t\000h\000e\000n\000a\000:\000:\000c\000o\000r\000e\000:\000:\000N\000o\000d\000e\000\040\000C\000l\000a\000s\000s\000\040\000R\000e\000f\000e\000r\000e\000n\000c\000e}{chapter.4}% 110
\BOOKMARK [2][-]{subsection.4.19.1}{\376\377\0004\000.\0001\0009\000.\0001\000\040\000D\000e\000t\000a\000i\000l\000e\000d\000\040\000D\000e\000s\000c\000r\000i\000p\000t\000i\000o\000n}{section.4.19}% 111
\BOOKMARK [2][-]{subsection.4.19.2}{\376\377\0004\000.\0001\0009\000.\0002\000\040\000M\000e\000m\000b\000e\000r\000\040\000F\000u\000n\000c\000t\000i\000o\000n\000\040\000D\000o\000c\000u\000m\000e\000n\000t\000a\000t\000i\000o\000n}{section.4.19}% 112
\BOOKMARK [3][-]{subsubsection.4.19.2.1}{\376\377\0004\000.\0001\0009\000.\0002\000.\0001\000\040\000a\000f\000t\000e\000r\000\050\000\051}{subsection.4.19.2}% 113
\BOOKMARK [3][-]{subsubsection.4.19.2.2}{\376\377\0004\000.\0001\0009\000.\0002\000.\0002\000\040\000i\000s\000I\000n\000p\000u\000t\000N\000o\000d\000e\000\050\000\051}{subsection.4.19.2}% 114
\BOOKMARK [1][-]{section.4.20}{\376\377\0004\000.\0002\0000\000\040\000a\000t\000h\000e\000n\000a\000:\000:\000c\000o\000r\000e\000:\000:\000O\000p\000K\000e\000r\000n\000e\000l\000\040\000C\000l\000a\000s\000s\000\040\000R\000e\000f\000e\000r\000e\000n\000c\000e}{chapter.4}% 115
\BOOKMARK [2][-]{subsection.4.20.1}{\376\377\0004\000.\0002\0000\000.\0001\000\040\000D\000e\000t\000a\000i\000l\000e\000d\000\040\000D\000e\000s\000c\000r\000i\000p\000t\000i\000o\000n}{section.4.20}% 116
\BOOKMARK [2][-]{subsection.4.20.2}{\376\377\0004\000.\0002\0000\000.\0002\000\040\000M\000e\000m\000b\000e\000r\000\040\000F\000u\000n\000c\000t\000i\000o\000n\000\040\000D\000o\000c\000u\000m\000e\000n\000t\000a\000t\000i\000o\000n}{section.4.20}% 117
\BOOKMARK [3][-]{subsubsection.4.20.2.1}{\376\377\0004\000.\0002\0000\000.\0002\000.\0001\000\040\000g\000e\000t\000D\000e\000r\000i\000v\000a\000t\000i\000v\000e\000B\000y\000t\000e\000c\000o\000d\000e\000\050\000\051}{subsection.4.20.2}% 118
\BOOKMARK [3][-]{subsubsection.4.20.2.2}{\376\377\0004\000.\0002\0000\000.\0002\000.\0002\000\040\000g\000e\000t\000D\000e\000r\000i\000v\000a\000t\000i\000v\000e\000S\000h\000a\000p\000e\000\050\000\051}{subsection.4.20.2}% 119
\BOOKMARK [3][-]{subsubsection.4.20.2.3}{\376\377\0004\000.\0002\0000\000.\0002\000.\0003\000\040\000g\000e\000t\000O\000p\000e\000r\000a\000n\000d\000s\000C\000o\000u\000n\000t\000\050\000\051}{subsection.4.20.2}% 120
\BOOKMARK [3][-]{subsubsection.4.20.2.4}{\376\377\0004\000.\0002\0000\000.\0002\000.\0004\000\040\000g\000e\000t\000O\000u\000t\000p\000u\000t\000S\000h\000a\000p\000e\000\050\000\051}{subsection.4.20.2}% 121
\BOOKMARK [1][-]{section.4.21}{\376\377\0004\000.\0002\0001\000\040\000a\000t\000h\000e\000n\000a\000:\000:\000b\000a\000c\000k\000e\000n\000d\000:\000:\000g\000e\000n\000e\000r\000i\000c\000:\000:\000Q\000u\000e\000u\000e\000I\000t\000e\000m\000\040\000S\000t\000r\000u\000c\000t\000\040\000R\000e\000f\000e\000r\000e\000n\000c\000e}{chapter.4}% 122
\BOOKMARK [2][-]{subsection.4.21.1}{\376\377\0004\000.\0002\0001\000.\0001\000\040\000D\000e\000t\000a\000i\000l\000e\000d\000\040\000D\000e\000s\000c\000r\000i\000p\000t\000i\000o\000n}{section.4.21}% 123
\BOOKMARK [1][-]{section.4.22}{\376\377\0004\000.\0002\0002\000\040\000a\000t\000h\000e\000n\000a\000:\000:\000c\000o\000r\000e\000:\000:\000k\000e\000r\000n\000e\000l\000s\000:\000:\000S\000c\000a\000l\000e\000O\000p\000K\000e\000r\000n\000e\000l\000\040\000C\000l\000a\000s\000s\000\040\000R\000e\000f\000e\000r\000e\000n\000c\000e}{chapter.4}% 124
\BOOKMARK [2][-]{subsection.4.22.1}{\376\377\0004\000.\0002\0002\000.\0001\000\040\000D\000e\000t\000a\000i\000l\000e\000d\000\040\000D\000e\000s\000c\000r\000i\000p\000t\000i\000o\000n}{section.4.22}% 125
\BOOKMARK [2][-]{subsection.4.22.2}{\376\377\0004\000.\0002\0002\000.\0002\000\040\000M\000e\000m\000b\000e\000r\000\040\000F\000u\000n\000c\000t\000i\000o\000n\000\040\000D\000o\000c\000u\000m\000e\000n\000t\000a\000t\000i\000o\000n}{section.4.22}% 126
\BOOKMARK [3][-]{subsubsection.4.22.2.1}{\376\377\0004\000.\0002\0002\000.\0002\000.\0001\000\040\000g\000e\000t\000D\000e\000r\000i\000v\000a\000t\000i\000v\000e\000B\000y\000t\000e\000c\000o\000d\000e\000\050\000\051}{subsection.4.22.2}% 127
\BOOKMARK [3][-]{subsubsection.4.22.2.2}{\376\377\0004\000.\0002\0002\000.\0002\000.\0002\000\040\000g\000e\000t\000D\000e\000r\000i\000v\000a\000t\000i\000v\000e\000S\000h\000a\000p\000e\000\050\000\051}{subsection.4.22.2}% 128
\BOOKMARK [3][-]{subsubsection.4.22.2.3}{\376\377\0004\000.\0002\0002\000.\0002\000.\0003\000\040\000g\000e\000t\000O\000p\000e\000r\000a\000n\000d\000s\000C\000o\000u\000n\000t\000\050\000\051}{subsection.4.22.2}% 129
\BOOKMARK [3][-]{subsubsection.4.22.2.4}{\376\377\0004\000.\0002\0002\000.\0002\000.\0004\000\040\000g\000e\000t\000O\000u\000t\000p\000u\000t\000S\000h\000a\000p\000e\000\050\000\051}{subsection.4.22.2}% 130
\BOOKMARK [1][-]{section.4.23}{\376\377\0004\000.\0002\0003\000\040\000a\000t\000h\000e\000n\000a\000:\000:\000c\000o\000r\000e\000:\000:\000S\000e\000s\000s\000i\000o\000n\000\040\000C\000l\000a\000s\000s\000\040\000R\000e\000f\000e\000r\000e\000n\000c\000e}{chapter.4}% 131
\BOOKMARK [2][-]{subsection.4.23.1}{\376\377\0004\000.\0002\0003\000.\0001\000\040\000D\000e\000t\000a\000i\000l\000e\000d\000\040\000D\000e\000s\000c\000r\000i\000p\000t\000i\000o\000n}{section.4.23}% 132
\BOOKMARK [2][-]{subsection.4.23.2}{\376\377\0004\000.\0002\0003\000.\0002\000\040\000M\000e\000m\000b\000e\000r\000\040\000F\000u\000n\000c\000t\000i\000o\000n\000\040\000D\000o\000c\000u\000m\000e\000n\000t\000a\000t\000i\000o\000n}{section.4.23}% 133
\BOOKMARK [3][-]{subsubsection.4.23.2.1}{\376\377\0004\000.\0002\0003\000.\0002\000.\0001\000\040\000p\000r\000e\000p\000a\000r\000e\000\050\000\051}{subsection.4.23.2}% 134
\BOOKMARK [3][-]{subsubsection.4.23.2.2}{\376\377\0004\000.\0002\0003\000.\0002\000.\0002\000\040\000r\000u\000n\000\050\000\051}{subsection.4.23.2}% 135
\BOOKMARK [1][-]{section.4.24}{\376\377\0004\000.\0002\0004\000\040\000a\000t\000h\000e\000n\000a\000:\000:\000c\000o\000r\000e\000:\000:\000k\000e\000r\000n\000e\000l\000s\000:\000:\000S\000i\000g\000m\000o\000i\000d\000O\000p\000K\000e\000r\000n\000e\000l\000\040\000C\000l\000a\000s\000s\000\040\000R\000e\000f\000e\000r\000e\000n\000c\000e}{chapter.4}% 136
\BOOKMARK [2][-]{subsection.4.24.1}{\376\377\0004\000.\0002\0004\000.\0001\000\040\000D\000e\000t\000a\000i\000l\000e\000d\000\040\000D\000e\000s\000c\000r\000i\000p\000t\000i\000o\000n}{section.4.24}% 137
\BOOKMARK [2][-]{subsection.4.24.2}{\376\377\0004\000.\0002\0004\000.\0002\000\040\000M\000e\000m\000b\000e\000r\000\040\000F\000u\000n\000c\000t\000i\000o\000n\000\040\000D\000o\000c\000u\000m\000e\000n\000t\000a\000t\000i\000o\000n}{section.4.24}% 138
\BOOKMARK [3][-]{subsubsection.4.24.2.1}{\376\377\0004\000.\0002\0004\000.\0002\000.\0001\000\040\000g\000e\000t\000D\000e\000r\000i\000v\000a\000t\000i\000v\000e\000B\000y\000t\000e\000c\000o\000d\000e\000\050\000\051}{subsection.4.24.2}% 139
\BOOKMARK [3][-]{subsubsection.4.24.2.2}{\376\377\0004\000.\0002\0004\000.\0002\000.\0002\000\040\000g\000e\000t\000D\000e\000r\000i\000v\000a\000t\000i\000v\000e\000S\000h\000a\000p\000e\000\050\000\051}{subsection.4.24.2}% 140
\BOOKMARK [3][-]{subsubsection.4.24.2.3}{\376\377\0004\000.\0002\0004\000.\0002\000.\0003\000\040\000g\000e\000t\000O\000p\000e\000r\000a\000n\000d\000s\000C\000o\000u\000n\000t\000\050\000\051}{subsection.4.24.2}% 141
\BOOKMARK [3][-]{subsubsection.4.24.2.4}{\376\377\0004\000.\0002\0004\000.\0002\000.\0004\000\040\000g\000e\000t\000O\000u\000t\000p\000u\000t\000S\000h\000a\000p\000e\000\050\000\051}{subsection.4.24.2}% 142
\BOOKMARK [1][-]{section.4.25}{\376\377\0004\000.\0002\0005\000\040\000a\000t\000h\000e\000n\000a\000:\000:\000b\000a\000c\000k\000e\000n\000d\000:\000:\000g\000e\000n\000e\000r\000i\000c\000:\000:\000S\000w\000a\000p\000R\000e\000c\000o\000r\000d\000\040\000S\000t\000r\000u\000c\000t\000\040\000R\000e\000f\000e\000r\000e\000n\000c\000e}{chapter.4}% 143
\BOOKMARK [2][-]{subsection.4.25.1}{\376\377\0004\000.\0002\0005\000.\0001\000\040\000D\000e\000t\000a\000i\000l\000e\000d\000\040\000D\000e\000s\000c\000r\000i\000p\000t\000i\000o\000n}{section.4.25}% 144
\BOOKMARK [1][-]{section.4.26}{\376\377\0004\000.\0002\0006\000\040\000a\000t\000h\000e\000n\000a\000:\000:\000c\000o\000r\000e\000:\000:\000T\000e\000n\000s\000o\000r\000\040\000C\000l\000a\000s\000s\000\040\000R\000e\000f\000e\000r\000e\000n\000c\000e}{chapter.4}% 145
\BOOKMARK [2][-]{subsection.4.26.1}{\376\377\0004\000.\0002\0006\000.\0001\000\040\000D\000e\000t\000a\000i\000l\000e\000d\000\040\000D\000e\000s\000c\000r\000i\000p\000t\000i\000o\000n}{section.4.26}% 146
\BOOKMARK [1][-]{section.4.27}{\376\377\0004\000.\0002\0007\000\040\000a\000t\000h\000e\000n\000a\000:\000:\000c\000o\000r\000e\000:\000:\000T\000e\000n\000s\000o\000r\000S\000h\000a\000p\000e\000\040\000C\000l\000a\000s\000s\000\040\000R\000e\000f\000e\000r\000e\000n\000c\000e}{chapter.4}% 147
\BOOKMARK [2][-]{subsection.4.27.1}{\376\377\0004\000.\0002\0007\000.\0001\000\040\000D\000e\000t\000a\000i\000l\000e\000d\000\040\000D\000e\000s\000c\000r\000i\000p\000t\000i\000o\000n}{section.4.27}% 148
\BOOKMARK [2][-]{subsection.4.27.2}{\376\377\0004\000.\0002\0007\000.\0002\000\040\000M\000e\000m\000b\000e\000r\000\040\000F\000u\000n\000c\000t\000i\000o\000n\000\040\000D\000o\000c\000u\000m\000e\000n\000t\000a\000t\000i\000o\000n}{section.4.27}% 149
\BOOKMARK [3][-]{subsubsection.4.27.2.1}{\376\377\0004\000.\0002\0007\000.\0002\000.\0001\000\040\000d\000i\000m\000\050\000\051}{subsection.4.27.2}% 150
\BOOKMARK [3][-]{subsubsection.4.27.2.2}{\376\377\0004\000.\0002\0007\000.\0002\000.\0002\000\040\000d\000i\000m\000e\000n\000s\000i\000o\000n\000s\000\050\000\051}{subsection.4.27.2}% 151
\BOOKMARK [3][-]{subsubsection.4.27.2.3}{\376\377\0004\000.\0002\0007\000.\0002\000.\0003\000\040\000o\000p\000e\000r\000a\000t\000o\000r\000!\000=\000\050\000\051}{subsection.4.27.2}% 152
\BOOKMARK [3][-]{subsubsection.4.27.2.4}{\376\377\0004\000.\0002\0007\000.\0002\000.\0004\000\040\000o\000p\000e\000r\000a\000t\000o\000r\000=\000=\000\050\000\051}{subsection.4.27.2}% 153
\BOOKMARK [3][-]{subsubsection.4.27.2.5}{\376\377\0004\000.\0002\0007\000.\0002\000.\0005\000\040\000t\000o\000t\000a\000l\000S\000i\000z\000e\000\050\000\051}{subsection.4.27.2}% 154
\BOOKMARK [1][-]{section.4.28}{\376\377\0004\000.\0002\0008\000\040\000a\000t\000h\000e\000n\000a\000:\000:\000b\000a\000c\000k\000e\000n\000d\000:\000:\000V\000i\000r\000t\000u\000a\000l\000M\000e\000m\000o\000r\000y\000\040\000C\000l\000a\000s\000s\000\040\000R\000e\000f\000e\000r\000e\000n\000c\000e}{chapter.4}% 155
\BOOKMARK [2][-]{subsection.4.28.1}{\376\377\0004\000.\0002\0008\000.\0001\000\040\000D\000e\000t\000a\000i\000l\000e\000d\000\040\000D\000e\000s\000c\000r\000i\000p\000t\000i\000o\000n}{section.4.28}% 156
\BOOKMARK [2][-]{subsection.4.28.2}{\376\377\0004\000.\0002\0008\000.\0002\000\040\000M\000e\000m\000b\000e\000r\000\040\000F\000u\000n\000c\000t\000i\000o\000n\000\040\000D\000o\000c\000u\000m\000e\000n\000t\000a\000t\000i\000o\000n}{section.4.28}% 157
\BOOKMARK [3][-]{subsubsection.4.28.2.1}{\376\377\0004\000.\0002\0008\000.\0002\000.\0001\000\040\000a\000l\000l\000o\000c\000a\000t\000e\000\050\000\051}{subsection.4.28.2}% 158
\BOOKMARK [3][-]{subsubsection.4.28.2.2}{\376\377\0004\000.\0002\0008\000.\0002\000.\0002\000\040\000f\000r\000e\000e\000\050\000\051\000\040\000[\0001\000/\0002\000]}{subsection.4.28.2}% 159
\BOOKMARK [3][-]{subsubsection.4.28.2.3}{\376\377\0004\000.\0002\0008\000.\0002\000.\0003\000\040\000f\000r\000e\000e\000\050\000\051\000\040\000[\0002\000/\0002\000]}{subsection.4.28.2}% 160
\BOOKMARK [1][-]{section.4.29}{\376\377\0004\000.\0002\0009\000\040\000a\000t\000h\000e\000n\000a\000:\000:\000b\000a\000c\000k\000e\000n\000d\000:\000:\000V\000M\000e\000m\000o\000r\000y\000B\000l\000o\000c\000k\000\040\000S\000t\000r\000u\000c\000t\000\040\000R\000e\000f\000e\000r\000e\000n\000c\000e}{chapter.4}% 161
\BOOKMARK [2][-]{subsection.4.29.1}{\376\377\0004\000.\0002\0009\000.\0001\000\040\000D\000e\000t\000a\000i\000l\000e\000d\000\040\000D\000e\000s\000c\000r\000i\000p\000t\000i\000o\000n}{section.4.29}% 162
\BOOKMARK [1][-]{section.4.30}{\376\377\0004\000.\0003\0000\000\040\000a\000t\000h\000e\000n\000a\000:\000:\000b\000a\000c\000k\000e\000n\000d\000:\000:\000V\000M\000S\000t\000a\000t\000e\000\040\000S\000t\000r\000u\000c\000t\000\040\000R\000e\000f\000e\000r\000e\000n\000c\000e}{chapter.4}% 163
\BOOKMARK [2][-]{subsection.4.30.1}{\376\377\0004\000.\0003\0000\000.\0001\000\040\000D\000e\000t\000a\000i\000l\000e\000d\000\040\000D\000e\000s\000c\000r\000i\000p\000t\000i\000o\000n}{section.4.30}% 164
\BOOKMARK [2][-]{subsection.4.30.2}{\376\377\0004\000.\0003\0000\000.\0002\000\040\000M\000e\000m\000b\000e\000r\000\040\000D\000a\000t\000a\000\040\000D\000o\000c\000u\000m\000e\000n\000t\000a\000t\000i\000o\000n}{section.4.30}% 165
\BOOKMARK [3][-]{subsubsection.4.30.2.1}{\376\377\0004\000.\0003\0000\000.\0002\000.\0001\000\040\000B\000C}{subsection.4.30.2}% 166
\BOOKMARK [3][-]{subsubsection.4.30.2.2}{\376\377\0004\000.\0003\0000\000.\0002\000.\0002\000\040\000B\000P}{subsection.4.30.2}% 167
\BOOKMARK [3][-]{subsubsection.4.30.2.3}{\376\377\0004\000.\0003\0000\000.\0002\000.\0003\000\040\000I\000P}{subsection.4.30.2}% 168
\BOOKMARK [1][-]{section.4.31}{\376\377\0004\000.\0003\0001\000\040\000a\000t\000h\000e\000n\000a\000:\000:\000c\000o\000r\000e\000:\000:\000i\000n\000i\000t\000i\000a\000l\000i\000z\000e\000r\000s\000:\000:\000V\000o\000i\000d\000I\000n\000i\000t\000i\000a\000l\000i\000z\000e\000r\000\040\000C\000l\000a\000s\000s\000\040\000R\000e\000f\000e\000r\000e\000n\000c\000e}{chapter.4}% 169
\BOOKMARK [2][-]{subsection.4.31.1}{\376\377\0004\000.\0003\0001\000.\0001\000\040\000D\000e\000t\000a\000i\000l\000e\000d\000\040\000D\000e\000s\000c\000r\000i\000p\000t\000i\000o\000n}{section.4.31}% 170
\BOOKMARK [2][-]{subsection.4.31.2}{\376\377\0004\000.\0003\0001\000.\0002\000\040\000M\000e\000m\000b\000e\000r\000\040\000F\000u\000n\000c\000t\000i\000o\000n\000\040\000D\000o\000c\000u\000m\000e\000n\000t\000a\000t\000i\000o\000n}{section.4.31}% 171
\BOOKMARK [3][-]{subsubsection.4.31.2.1}{\376\377\0004\000.\0003\0001\000.\0002\000.\0001\000\040\000i\000n\000i\000t\000i\000a\000l\000i\000z\000e\000\050\000\051}{subsection.4.31.2}% 172
\BOOKMARK [0][-]{chapter.5}{\376\377\0005\000\040\000F\000i\000l\000e\000\040\000D\000o\000c\000u\000m\000e\000n\000t\000a\000t\000i\000o\000n}{}% 173
\BOOKMARK [1][-]{section.5.1}{\376\377\0005\000.\0001\000\040\000b\000a\000c\000k\000e\000n\000d\000/\000o\000p\000c\000o\000d\000e\000s\000.\000h\000\040\000F\000i\000l\000e\000\040\000R\000e\000f\000e\000r\000e\000n\000c\000e}{chapter.5}% 174
\BOOKMARK [2][-]{subsection.5.1.1}{\376\377\0005\000.\0001\000.\0001\000\040\000D\000e\000t\000a\000i\000l\000e\000d\000\040\000D\000e\000s\000c\000r\000i\000p\000t\000i\000o\000n}{section.5.1}% 175
\BOOKMARK [0][-]{section*.77}{\376\377\000I\000n\000d\000e\000x}{}% 176
